#
# A fatal error has been detected by the Java Runtime Environment:
#
#  EXCEPTION_ACCESS_VIOLATION (0xc0000005) at pc=0xffffffffa49e5120, pid=5176, tid=0x0000000000001b30
#
# JRE version: OpenJDK Runtime Environment (8.0_152-b02) (build 1.8.0_152-release-1024-b02)
# Java VM: OpenJDK 64-Bit Server VM (25.152-b02 mixed mode windows-amd64 compressed oops)
# Problematic frame:
# C  0xffffffffa49e5120
#
# Failed to write core dump. Minidumps are not enabled by default on client versions of Windows
#
# If you would like to submit a bug report, please visit:
#   http://bugreport.java.com/bugreport/crash.jsp
#

---------------  T H R E A D  ---------------

Current thread (0x0000000018a7a000):  JavaThread "ForkJoinPool-1-worker-0" daemon [_thread_in_Java, id=6960, stack(0x00000000212a0000,0x00000000213a0000)]

siginfo: ExceptionCode=0xc0000005, ExceptionInformation=0x0000000000000008 0xffffffffa49e5120

Registers:
RAX=0x00000001004567f0, RBX=0x00000000000014f5, RCX=0x0000000000000000, RDX=0x00000000e7e18b78
RSP=0x000000002139ea78, RBP=0x00000000e7d28fc8, RSI=0x00000000e7e18b78, RDI=0x0000000000000368
R8 =0x00000000e7e18c00, R9 =0x00000000e7e18c00, R10=0x00000001004567f0, R11=0x00000000000001f0
R12=0x0000000000000000, R13=0x00000000e7dd8c40, R14=0x000000002139ecd0, R15=0x0000000018a7a000
RIP=0xffffffffa49e5120, EFLAGS=0x0000000000010246

Top of Stack: (sp=0x000000002139ea78)
0x000000002139ea78:   000000000403c944 00000000e7d28fc8
0x000000002139ea88:   000000000405790c 000000000000018a
0x000000002139ea98:   000000000404310c 00000000e7e18b78
0x000000002139eaa8:   00000000e7e18c00 00000000e7e18b78
0x000000002139eab8:   0000000020e2a790 00000000e7d28fc8
0x000000002139eac8:   000000000403d1c4 0000000000000000
0x000000002139ead8:   0000000000000000 000000000000018a
0x000000002139eae8:   0000000004033494 00000000e7e18c00
0x000000002139eaf8:   00000000e7e18b98 00000000e7e18b78
0x000000002139eb08:   0000000000000000 00000000e7d28fc8
0x000000002139eb18:   0000000004058f54 0000000000000000
0x000000002139eb28:   0000000000000000 000000000000018b
0x000000002139eb38:   000000000403c944 000000000000018b
0x000000002139eb48:   000000000405790c 0000000000000000
0x000000002139eb58:   00000000e7e18c00 00000000e7e18b78
0x000000002139eb68:   00000000e7e17800 00000000e7e17778 

Instructions: (pc=0xffffffffa49e5120)
0xffffffffa49e5100:   
[error occurred during error reporting (printing registers, top of stack, instructions near pc), id 0xc0000005]

Register to memory mapping:

RAX=0x00000001004567f0 is pointing into metadata
RBX=0x00000000000014f5 is an unknown value
RCX=0x0000000000000000 is an unknown value
RDX=0x00000000e7e18b78 is an oop
java.util.Spliterators$ArraySpliterator 
 - klass: 'java/util/Spliterators$ArraySpliterator'
RSP=0x000000002139ea78 is pointing into the stack for thread: 0x0000000018a7a000
RBP=0x00000000e7d28fc8 is an oop
com.android.tools.r8.graph.DexItem$$Lambda$375/666359966 
 - klass: 'com/android/tools/r8/graph/DexItem$$Lambda$375'
RSI=0x00000000e7e18b78 is an oop
java.util.Spliterators$ArraySpliterator 
 - klass: 'java/util/Spliterators$ArraySpliterator'
RDI=0x0000000000000368 is an unknown value
R8 =0x00000000e7e18c00 is an oop
java.util.stream.MatchOps$1MatchSink 
 - klass: 'java/util/stream/MatchOps$1MatchSink'
R9 =0x00000000e7e18c00 is an oop
java.util.stream.MatchOps$1MatchSink 
 - klass: 'java/util/stream/MatchOps$1MatchSink'
R10=0x00000001004567f0 is pointing into metadata
R11=0x00000000000001f0 is an unknown value
R12=0x0000000000000000 is an unknown value
R13=0x00000000e7dd8c40 is an oop
java.util.HashMap$Node 
 - klass: 'java/util/HashMap$Node'
R14=0x000000002139ecd0 is pointing into the stack for thread: 0x0000000018a7a000
R15=0x0000000018a7a000 is a thread


Stack: [0x00000000212a0000,0x00000000213a0000],  sp=0x000000002139ea78,  free space=1018k
Native frames: (J=compiled Java code, j=interpreted, Vv=VM code, C=native code)
C  0xffffffffa49e5120


---------------  P R O C E S S  ---------------

Java Threads: ( => current thread )
  0x0000000018a7d000 JavaThread "ForkJoinPool.commonPool-worker-0" daemon [_thread_blocked, id=2580, stack(0x00000000213a0000,0x00000000214a0000)]
=>0x0000000018a7a000 JavaThread "ForkJoinPool-1-worker-0" daemon [_thread_in_Java, id=6960, stack(0x00000000212a0000,0x00000000213a0000)]
  0x0000000018a80000 JavaThread "ForkJoinPool-1-worker-1" daemon [_thread_blocked, id=3856, stack(0x00000000211a0000,0x00000000212a0000)]
  0x0000000018a7c800 JavaThread "ForkJoinPool.commonPool-worker-1" daemon [_thread_blocked, id=2912, stack(0x00000000206a0000,0x00000000207a0000)]
  0x0000000018a7e800 JavaThread "Cache worker for Java compile cache (D:\Clase\PMDM\Ejercicios\Ej06Activity\.gradle\4.4\javaCompile)" [_thread_blocked, id=7044, stack(0x00000000201a0000,0x00000000202a0000)]
  0x0000000018a7b000 JavaThread "Task worker for ':'" [_thread_blocked, id=2940, stack(0x000000001fea0000,0x000000001ffa0000)]
  0x0000000018a78800 JavaThread "Cache worker for Build Output Cleanup Cache (D:\Clase\PMDM\Ejercicios\Ej06Activity\.gradle\buildOutputCleanup)" [_thread_blocked, id=4124, stack(0x000000001fda0000,0x000000001fea0000)]
  0x0000000018a7f800 JavaThread "Cache worker for task history cache (D:\Clase\PMDM\Ejercicios\Ej06Activity\.gradle\4.4\taskHistory)" [_thread_blocked, id=1704, stack(0x000000001fca0000,0x000000001fda0000)]
  0x000000001a967000 JavaThread "Cache worker for file content cache (D:\Clase\PMDM\Ejercicios\Ej06Activity\.gradle\4.4\fileContent)" [_thread_blocked, id=1480, stack(0x000000001dc60000,0x000000001dd60000)]
  0x000000001a967800 JavaThread "Memory manager" [_thread_blocked, id=6328, stack(0x000000001db60000,0x000000001dc60000)]
  0x000000001a965800 JavaThread "build operations Thread 2" [_thread_blocked, id=1736, stack(0x000000001d460000,0x000000001d560000)]
  0x000000001a96a800 JavaThread "build operations" [_thread_blocked, id=2784, stack(0x000000001d360000,0x000000001d460000)]
  0x000000001a96a000 JavaThread "Cache worker for Artifact transforms cache (C:\Users\Mario\.gradle\caches\transforms-1)" [_thread_blocked, id=7232, stack(0x000000001d060000,0x000000001d160000)]
  0x0000000018a02800 JavaThread "Cache worker for file hash cache (D:\Clase\PMDM\Ejercicios\Ej06Activity\.gradle\4.4\fileHashes)" [_thread_blocked, id=6892, stack(0x000000001a5c0000,0x000000001a6c0000)]
  0x00000000189c5000 JavaThread "File lock request listener" [_thread_in_native, id=5064, stack(0x000000001a4c0000,0x000000001a5c0000)]
  0x0000000018979800 JavaThread "Cache worker for file hash cache (C:\Users\Mario\.gradle\caches\4.4\fileHashes)" [_thread_blocked, id=8884, stack(0x000000001a3c0000,0x000000001a4c0000)]
  0x00000000185af800 JavaThread "Stdin handler" [_thread_blocked, id=5068, stack(0x000000001a0c0000,0x000000001a1c0000)]
  0x00000000185ae800 JavaThread "Asynchronous log dispatcher for DefaultDaemonConnection: socket connection from /127.0.0.1:60151 to /127.0.0.1:60152" [_thread_blocked, id=736, stack(0x0000000019fc0000,0x000000001a0c0000)]
  0x00000000185ad800 JavaThread "Daemon worker" [_thread_blocked, id=2028, stack(0x0000000019ec0000,0x0000000019fc0000)]
  0x00000000184a2000 JavaThread "Cancel handler" [_thread_blocked, id=5668, stack(0x0000000019dc0000,0x0000000019ec0000)]
  0x000000001885c000 JavaThread "Handler for socket connection from /127.0.0.1:60151 to /127.0.0.1:60152" [_thread_in_native, id=5480, stack(0x0000000019ac0000,0x0000000019bc0000)]
  0x0000000018859000 JavaThread "Daemon" [_thread_blocked, id=1072, stack(0x00000000199c0000,0x0000000019ac0000)]
  0x0000000018862000 JavaThread "Daemon periodic checks" [_thread_blocked, id=8648, stack(0x00000000198c0000,0x00000000199c0000)]
  0x00000000186ab000 JavaThread "Incoming local TCP Connector on port 60151" [_thread_in_native, id=5076, stack(0x0000000019660000,0x0000000019760000)]
  0x000000001617b800 JavaThread "Service Thread" daemon [_thread_blocked, id=5164, stack(0x0000000017350000,0x0000000017450000)]
  0x0000000016109800 JavaThread "C1 CompilerThread1" daemon [_thread_blocked, id=1268, stack(0x0000000017250000,0x0000000017350000)]
  0x0000000016102800 JavaThread "C2 CompilerThread0" daemon [_thread_blocked, id=4436, stack(0x0000000017150000,0x0000000017250000)]
  0x0000000016114800 JavaThread "Attach Listener" daemon [_thread_blocked, id=2964, stack(0x0000000017050000,0x0000000017150000)]
  0x0000000016111000 JavaThread "Signal Dispatcher" daemon [_thread_blocked, id=7872, stack(0x0000000016f50000,0x0000000017050000)]
  0x00000000160ee000 JavaThread "Finalizer" daemon [_thread_blocked, id=5392, stack(0x0000000016d40000,0x0000000016e40000)]
  0x00000000160c4800 JavaThread "Reference Handler" daemon [_thread_blocked, id=2292, stack(0x0000000016c40000,0x0000000016d40000)]
  0x0000000000c2e000 JavaThread "main" [_thread_blocked, id=6944, stack(0x00000000027e0000,0x00000000028e0000)]

Other Threads:
  0x00000000160bc000 VMThread [stack: 0x0000000016b40000,0x0000000016c40000] [id=8824]
  0x000000001617e800 WatcherThread [stack: 0x0000000017450000,0x0000000017550000] [id=5512]

VM state:not at safepoint (normal execution)

VM Mutex/Monitor currently owned by a thread: None

Heap:
 PSYoungGen      total 189440K, used 129232K [0x00000000e0000000, 0x00000000ecb00000, 0x0000000100000000)
  eden space 173568K, 74% used [0x00000000e0000000,0x00000000e7e343b0,0x00000000ea980000)
  from space 15872K, 0% used [0x00000000eb880000,0x00000000eb880000,0x00000000ec800000)
  to   space 15360K, 0% used [0x00000000ea980000,0x00000000ea980000,0x00000000eb880000)
 ParOldGen       total 88576K, used 36526K [0x00000000a0000000, 0x00000000a5680000, 0x00000000e0000000)
  object space 88576K, 41% used [0x00000000a0000000,0x00000000a23aba68,0x00000000a5680000)
 Metaspace       used 65663K, capacity 67982K, committed 68096K, reserved 1107968K
  class space    used 8939K, capacity 9442K, committed 9472K, reserved 1048576K

Card table byte_map: [0x0000000011da0000,0x00000000120b0000] byte_map_base: 0x00000000118a0000

Marking Bits: (ParMarkBitMap*) 0x0000000058fa4970
 Begin Bits: [0x00000000124b0000, 0x0000000013cb0000)
 End Bits:   [0x0000000013cb0000, 0x00000000154b0000)

Polling page: 0x0000000000c40000

CodeCache: size=245760Kb used=22947Kb max_used=22960Kb free=222812Kb
 bounds [0x00000000029e0000, 0x0000000004070000, 0x00000000119e0000]
 total_blobs=8250 nmethods=7445 adapters=718
 compilation: enabled

Compilation events (10 events):
Event: 31.759 Thread 0x0000000016109800 nmethod 8430 0x0000000004058710 code [0x0000000004058900, 0x0000000004059198]
Event: 31.761 Thread 0x0000000016109800 8432       3       com.android.tools.r8.graph.DexProgramClass::hasAnnotations (60 bytes)
Event: 31.764 Thread 0x0000000016109800 nmethod 8432 0x000000000405c990 code [0x000000000405cea0, 0x0000000004060038]
Event: 31.765 Thread 0x0000000016102800 nmethod 8338 0x0000000004062810 code [0x00000000040629a0, 0x00000000040632d8]
Event: 31.765 Thread 0x0000000016102800 8431       4       java.util.Spliterators$ArraySpliterator::tryAdvance (58 bytes)
Event: 31.765 Thread 0x0000000016109800 8433       3       com.android.tools.r8.graph.DexProgramClass::collectMixedSectionItems (69 bytes)
Event: 31.766 Thread 0x0000000016109800 nmethod 8433 0x000000000405c350 code [0x000000000405c4e0, 0x000000000405c848]
Event: 31.766 Thread 0x0000000016109800 8435       3       com.android.tools.r8.dex.FileWriter$MixedSectionOffsets::setAnnotationsDirectoryForClass (43 bytes)
Event: 31.767 Thread 0x0000000016109800 nmethod 8435 0x000000000405ba50 code [0x000000000405bc00, 0x000000000405c168]
Event: 31.768 Thread 0x0000000016102800 nmethod 8431 0x0000000004059bd0 code [0x0000000004059d40, 0x0000000004059fd8]

GC Heap History (10 events):
Event: 11.743 GC heap before
{Heap before GC invocations=11 (full 2):
 PSYoungGen      total 136192K, used 8700K [0x00000000e0000000, 0x00000000e9c80000, 0x0000000100000000)
  eden space 127488K, 0% used [0x00000000e0000000,0x00000000e0000000,0x00000000e7c80000)
  from space 8704K, 99% used [0x00000000e7c80000,0x00000000e84ff330,0x00000000e8500000)
  to   space 11776K, 0% used [0x00000000e9100000,0x00000000e9100000,0x00000000e9c80000)
 ParOldGen       total 36352K, used 14636K [0x00000000a0000000, 0x00000000a2380000, 0x00000000e0000000)
  object space 36352K, 40% used [0x00000000a0000000,0x00000000a0e4b180,0x00000000a2380000)
 Metaspace       used 34733K, capacity 35318K, committed 35416K, reserved 1079296K
  class space    used 4773K, capacity 4971K, committed 4992K, reserved 1048576K
Event: 11.900 GC heap after
Heap after GC invocations=11 (full 2):
 PSYoungGen      total 136192K, used 0K [0x00000000e0000000, 0x00000000e9c80000, 0x0000000100000000)
  eden space 127488K, 0% used [0x00000000e0000000,0x00000000e0000000,0x00000000e7c80000)
  from space 8704K, 0% used [0x00000000e7c80000,0x00000000e7c80000,0x00000000e8500000)
  to   space 11776K, 0% used [0x00000000e9100000,0x00000000e9100000,0x00000000e9c80000)
 ParOldGen       total 56832K, used 19138K [0x00000000a0000000, 0x00000000a3780000, 0x00000000e0000000)
  object space 56832K, 33% used [0x00000000a0000000,0x00000000a12b0bc8,0x00000000a3780000)
 Metaspace       used 34733K, capacity 35318K, committed 35416K, reserved 1079296K
  class space    used 4773K, capacity 4971K, committed 4992K, reserved 1048576K
}
Event: 15.216 GC heap before
{Heap before GC invocations=12 (full 2):
 PSYoungGen      total 136192K, used 127488K [0x00000000e0000000, 0x00000000e9c80000, 0x0000000100000000)
  eden space 127488K, 100% used [0x00000000e0000000,0x00000000e7c80000,0x00000000e7c80000)
  from space 8704K, 0% used [0x00000000e7c80000,0x00000000e7c80000,0x00000000e8500000)
  to   space 11776K, 0% used [0x00000000e9100000,0x00000000e9100000,0x00000000e9c80000)
 ParOldGen       total 56832K, used 19138K [0x00000000a0000000, 0x00000000a3780000, 0x00000000e0000000)
  object space 56832K, 33% used [0x00000000a0000000,0x00000000a12b0bc8,0x00000000a3780000)
 Metaspace       used 43027K, capacity 43982K, committed 44160K, reserved 1087488K
  class space    used 5916K, capacity 6206K, committed 6272K, reserved 1048576K
Event: 15.260 GC heap after
Heap after GC invocations=12 (full 2):
 PSYoungGen      total 145920K, used 11760K [0x00000000e0000000, 0x00000000ebe00000, 0x0000000100000000)
  eden space 134144K, 0% used [0x00000000e0000000,0x00000000e0000000,0x00000000e8300000)
  from space 11776K, 99% used [0x00000000e9100000,0x00000000e9c7c288,0x00000000e9c80000)
  to   space 14336K, 0% used [0x00000000e8300000,0x00000000e8300000,0x00000000e9100000)
 ParOldGen       total 56832K, used 21322K [0x00000000a0000000, 0x00000000a3780000, 0x00000000e0000000)
  object space 56832K, 37% used [0x00000000a0000000,0x00000000a14d2ba8,0x00000000a3780000)
 Metaspace       used 43027K, capacity 43982K, committed 44160K, reserved 1087488K
  class space    used 5916K, capacity 6206K, committed 6272K, reserved 1048576K
}
Event: 22.620 GC heap before
{Heap before GC invocations=13 (full 2):
 PSYoungGen      total 145920K, used 145904K [0x00000000e0000000, 0x00000000ebe00000, 0x0000000100000000)
  eden space 134144K, 100% used [0x00000000e0000000,0x00000000e8300000,0x00000000e8300000)
  from space 11776K, 99% used [0x00000000e9100000,0x00000000e9c7c288,0x00000000e9c80000)
  to   space 14336K, 0% used [0x00000000e8300000,0x00000000e8300000,0x00000000e9100000)
 ParOldGen       total 56832K, used 21322K [0x00000000a0000000, 0x00000000a3780000, 0x00000000e0000000)
  object space 56832K, 37% used [0x00000000a0000000,0x00000000a14d2ba8,0x00000000a3780000)
 Metaspace       used 53177K, capacity 54794K, committed 55040K, reserved 1097728K
  class space    used 7252K, capacity 7642K, committed 7680K, reserved 1048576K
Event: 22.750 GC heap after
Heap after GC invocations=13 (full 2):
 PSYoungGen      total 148480K, used 13354K [0x00000000e0000000, 0x00000000ec800000, 0x0000000100000000)
  eden space 134144K, 0% used [0x00000000e0000000,0x00000000e0000000,0x00000000e8300000)
  from space 14336K, 93% used [0x00000000e8300000,0x00000000e900aa58,0x00000000e9100000)
  to   space 15872K, 0% used [0x00000000eb880000,0x00000000eb880000,0x00000000ec800000)
 ParOldGen       total 56832K, used 29472K [0x00000000a0000000, 0x00000000a3780000, 0x00000000e0000000)
  object space 56832K, 51% used [0x00000000a0000000,0x00000000a1cc82e0,0x00000000a3780000)
 Metaspace       used 53177K, capacity 54794K, committed 55040K, reserved 1097728K
  class space    used 7252K, capacity 7642K, committed 7680K, reserved 1048576K
}
Event: 25.069 GC heap before
{Heap before GC invocations=14 (full 2):
 PSYoungGen      total 148480K, used 62462K [0x00000000e0000000, 0x00000000ec800000, 0x0000000100000000)
  eden space 134144K, 36% used [0x00000000e0000000,0x00000000e2ff4f88,0x00000000e8300000)
  from space 14336K, 93% used [0x00000000e8300000,0x00000000e900aa58,0x00000000e9100000)
  to   space 15872K, 0% used [0x00000000eb880000,0x00000000eb880000,0x00000000ec800000)
 ParOldGen       total 56832K, used 29472K [0x00000000a0000000, 0x00000000a3780000, 0x00000000e0000000)
  object space 56832K, 51% used [0x00000000a0000000,0x00000000a1cc82e0,0x00000000a3780000)
 Metaspace       used 57298K, capacity 58918K, committed 59028K, reserved 1099776K
  class space    used 7796K, capacity 8164K, committed 8192K, reserved 1048576K
Event: 25.164 GC heap after
Heap after GC invocations=14 (full 2):
 PSYoungGen      total 189440K, used 7955K [0x00000000e0000000, 0x00000000ecb00000, 0x0000000100000000)
  eden space 173568K, 0% used [0x00000000e0000000,0x00000000e0000000,0x00000000ea980000)
  from space 15872K, 50% used [0x00000000eb880000,0x00000000ec044dc8,0x00000000ec800000)
  to   space 15360K, 0% used [0x00000000ea980000,0x00000000ea980000,0x00000000eb880000)
 ParOldGen       total 56832K, used 37051K [0x00000000a0000000, 0x00000000a3780000, 0x00000000e0000000)
  object space 56832K, 65% used [0x00000000a0000000,0x00000000a242ecf8,0x00000000a3780000)
 Metaspace       used 57298K, capacity 58918K, committed 59028K, reserved 1099776K
  class space    used 7796K, capacity 8164K, committed 8192K, reserved 1048576K
}
Event: 25.164 GC heap before
{Heap before GC invocations=15 (full 3):
 PSYoungGen      total 189440K, used 7955K [0x00000000e0000000, 0x00000000ecb00000, 0x0000000100000000)
  eden space 173568K, 0% used [0x00000000e0000000,0x00000000e0000000,0x00000000ea980000)
  from space 15872K, 50% used [0x00000000eb880000,0x00000000ec044dc8,0x00000000ec800000)
  to   space 15360K, 0% used [0x00000000ea980000,0x00000000ea980000,0x00000000eb880000)
 ParOldGen       total 56832K, used 37051K [0x00000000a0000000, 0x00000000a3780000, 0x00000000e0000000)
  object space 56832K, 65% used [0x00000000a0000000,0x00000000a242ecf8,0x00000000a3780000)
 Metaspace       used 57298K, capacity 58918K, committed 59028K, reserved 1099776K
  class space    used 7796K, capacity 8164K, committed 8192K, reserved 1048576K
Event: 25.554 GC heap after
Heap after GC invocations=15 (full 3):
 PSYoungGen      total 189440K, used 0K [0x00000000e0000000, 0x00000000ecb00000, 0x0000000100000000)
  eden space 173568K, 0% used [0x00000000e0000000,0x00000000e0000000,0x00000000ea980000)
  from space 15872K, 0% used [0x00000000eb880000,0x00000000eb880000,0x00000000ec800000)
  to   space 15360K, 0% used [0x00000000ea980000,0x00000000ea980000,0x00000000eb880000)
 ParOldGen       total 88576K, used 36526K [0x00000000a0000000, 0x00000000a5680000, 0x00000000e0000000)
  object space 88576K, 41% used [0x00000000a0000000,0x00000000a23aba68,0x00000000a5680000)
 Metaspace       used 57298K, capacity 58918K, committed 59028K, reserved 1099776K
  class space    used 7796K, capacity 8164K, committed 8192K, reserved 1048576K
}

Deoptimization events (10 events):
Event: 31.405 Thread 0x0000000018a7a000 Uncommon trap: reason=bimorphic action=maybe_recompile pc=0x0000000003ff230c method=java.util.TimSort.mergeHi(IIII)V @ 227
Event: 31.405 Thread 0x0000000018a7a000 Uncommon trap: reason=bimorphic action=maybe_recompile pc=0x0000000003ff230c method=java.util.TimSort.mergeHi(IIII)V @ 227
Event: 31.443 Thread 0x0000000018a7a000 Uncommon trap: reason=bimorphic action=maybe_recompile pc=0x0000000003fe2624 method=java.util.TimSort.mergeLo(IIII)V @ 189
Event: 31.478 Thread 0x0000000018a7a000 Uncommon trap: reason=bimorphic action=maybe_recompile pc=0x0000000003febc70 method=java.util.TimSort.mergeHi(IIII)V @ 227
Event: 31.641 Thread 0x0000000018a7a000 Uncommon trap: reason=unstable_if action=reinterpret pc=0x00000000040157c0 method=java.util.Arrays.equals([Ljava/lang/Object;[Ljava/lang/Object;)Z @ 47
Event: 31.641 Thread 0x0000000018a7a000 Uncommon trap: reason=null_check action=make_not_entrant pc=0x0000000004009864 method=com.android.tools.r8.graph.DexString.computeEquals(Ljava/lang/Object;)Z @ 1
Event: 31.643 Thread 0x0000000018a7a000 Uncommon trap: reason=unstable_if action=reinterpret pc=0x000000000401de08 method=com.android.tools.r8.graph.DexAnnotationElement.equals(Ljava/lang/Object;)Z @ 30
Event: 31.647 Thread 0x0000000018a7a000 Uncommon trap: reason=unstable_if action=reinterpret pc=0x0000000003860244 method=java.util.Arrays.equals([Ljava/lang/Object;[Ljava/lang/Object;)Z @ 47
Event: 31.693 Thread 0x0000000018a7a000 Uncommon trap: reason=unstable_if action=reinterpret pc=0x0000000004014924 method=com.android.tools.r8.it.unimi.dsi.fastutil.objects.Object2IntLinkedOpenHashMap.insert(Ljava/lang/Object;I)I @ 117
Event: 31.727 Thread 0x0000000018a7a000 Uncommon trap: reason=unstable_if action=reinterpret pc=0x000000000402dd6c method=com.android.tools.r8.it.unimi.dsi.fastutil.objects.Object2IntLinkedOpenHashMap.insert(Ljava/lang/Object;I)I @ 117

Classes redefined (0 events):
No events

Internal exceptions (10 events):
Event: 27.721 Thread 0x0000000018a7c800 Exception <a 'java/lang/NoSuchMethodError': java.lang.Object.lambda$static$0(Ljava/lang/String;)Z> (0x00000000e23c7958) thrown at [D:\src\AOSP-openjdk-cygwin\jdk8u\hotspot\src\share\vm\interpreter\linkResolver.cpp, line 584]
Event: 27.844 Thread 0x0000000018a7c800 Exception <a 'sun/nio/fs/WindowsException'> (0x00000000e263ab78) thrown at [D:\src\AOSP-openjdk-cygwin\jdk8u\hotspot\src\share\vm\prims\jni.cpp, line 709]
Event: 27.855 Thread 0x0000000018a7b000 Exception <a 'sun/nio/fs/WindowsException'> (0x00000000e25c6d28) thrown at [D:\src\AOSP-openjdk-cygwin\jdk8u\hotspot\src\share\vm\prims\jni.cpp, line 709]
Event: 28.327 Thread 0x0000000018a7e000 Exception <a 'java/lang/NoSuchMethodError': java.lang.Object.lambda$comparingInt$7b0bb60$1(Ljava/util/function/ToIntFunction;Ljava/lang/Object;Ljava/lang/Object;)I> (0x00000000e3451ba0) thrown at [D:\src\AOSP-openjdk-cygwin\jdk8u\hotspot\src\share\vm\inte
Event: 28.712 Thread 0x0000000018a7d000 Exception <a 'sun/nio/fs/WindowsException'> (0x00000000e3d6c430) thrown at [D:\src\AOSP-openjdk-cygwin\jdk8u\hotspot\src\share\vm\prims\jni.cpp, line 709]
Event: 28.714 Thread 0x0000000018a7e000 Exception <a 'sun/nio/fs/WindowsException'> (0x00000000e3d29750) thrown at [D:\src\AOSP-openjdk-cygwin\jdk8u\hotspot\src\share\vm\prims\jni.cpp, line 709]
Event: 28.716 Thread 0x0000000018a79800 Exception <a 'sun/nio/fs/WindowsException'> (0x00000000e3bfbbb0) thrown at [D:\src\AOSP-openjdk-cygwin\jdk8u\hotspot\src\share\vm\prims\jni.cpp, line 709]
Event: 29.179 Thread 0x0000000018a7c800 Exception <a 'sun/nio/fs/WindowsException'> (0x00000000e4490e58) thrown at [D:\src\AOSP-openjdk-cygwin\jdk8u\hotspot\src\share\vm\prims\jni.cpp, line 709]
Event: 29.604 Thread 0x0000000018a80000 Implicit null exception at 0x0000000003a17eaf to 0x0000000003a17f9d
Event: 31.641 Thread 0x0000000018a7a000 Implicit null exception at 0x00000000040096cf to 0x0000000004009859

Events (10 events):
Event: 31.643 Thread 0x0000000018a7a000 DEOPT UNPACKING pc=0x0000000002a2557b sp=0x000000002139eae0 mode 2
Event: 31.647 Thread 0x0000000018a7a000 Uncommon trap: trap_request=0xffffff65 fr.pc=0x0000000003860244
Event: 31.647 Thread 0x0000000018a7a000 DEOPT PACKING pc=0x0000000003860244 sp=0x000000002139ec60
Event: 31.647 Thread 0x0000000018a7a000 DEOPT UNPACKING pc=0x0000000002a2557b sp=0x000000002139ebe8 mode 2
Event: 31.693 Thread 0x0000000018a7a000 Uncommon trap: trap_request=0xffffff65 fr.pc=0x0000000004014924
Event: 31.693 Thread 0x0000000018a7a000 DEOPT PACKING pc=0x0000000004014924 sp=0x000000002139efb0
Event: 31.693 Thread 0x0000000018a7a000 DEOPT UNPACKING pc=0x0000000002a2557b sp=0x000000002139ee80 mode 2
Event: 31.727 Thread 0x0000000018a7a000 Uncommon trap: trap_request=0xffffff65 fr.pc=0x000000000402dd6c
Event: 31.727 Thread 0x0000000018a7a000 DEOPT PACKING pc=0x000000000402dd6c sp=0x000000002139eef0
Event: 31.727 Thread 0x0000000018a7a000 DEOPT UNPACKING pc=0x0000000002a2557b sp=0x000000002139ee88 mode 2


Dynamic libraries:
0x00007ff7210f0000 - 0x00007ff721121000 	C:\Program Files\Android\Android Studio\jre\bin\java.exe
0x00007ff8b55f0000 - 0x00007ff8b57d1000 	C:\WINDOWS\SYSTEM32\ntdll.dll
0x00007ff8b3640000 - 0x00007ff8b36f2000 	C:\WINDOWS\System32\KERNEL32.DLL
0x00007ff8b2560000 - 0x00007ff8b27d3000 	C:\WINDOWS\System32\KERNELBASE.dll
0x00007ff8b52b0000 - 0x00007ff8b5351000 	C:\WINDOWS\System32\ADVAPI32.dll
0x00007ff8b3710000 - 0x00007ff8b37ae000 	C:\WINDOWS\System32\msvcrt.dll
0x00007ff8b5560000 - 0x00007ff8b55bb000 	C:\WINDOWS\System32\sechost.dll
0x00007ff8b30f0000 - 0x00007ff8b3214000 	C:\WINDOWS\System32\RPCRT4.dll
0x00007ff8b34b0000 - 0x00007ff8b3640000 	C:\WINDOWS\System32\USER32.dll
0x00007ff8b19c0000 - 0x00007ff8b19e0000 	C:\WINDOWS\System32\win32u.dll
0x00007ff8b3de0000 - 0x00007ff8b3e08000 	C:\WINDOWS\System32\GDI32.dll
0x00007ff8b28e0000 - 0x00007ff8b2a72000 	C:\WINDOWS\System32\gdi32full.dll
0x00007ff8b2250000 - 0x00007ff8b22ef000 	C:\WINDOWS\System32\msvcp_win.dll
0x00007ff8b27e0000 - 0x00007ff8b28da000 	C:\WINDOWS\System32\ucrtbase.dll
0x00007ff8aa3a0000 - 0x00007ff8aa609000 	C:\WINDOWS\WinSxS\amd64_microsoft.windows.common-controls_6595b64144ccf1df_6.0.17134.345_none_fb429a5930656358\COMCTL32.dll
0x00007ff8b37b0000 - 0x00007ff8b3ad3000 	C:\WINDOWS\System32\combase.dll
0x00007ff8b24e0000 - 0x00007ff8b255a000 	C:\WINDOWS\System32\bcryptPrimitives.dll
0x00007ff8b3cc0000 - 0x00007ff8b3ced000 	C:\WINDOWS\System32\IMM32.DLL
0x0000000058700000 - 0x00000000587d2000 	C:\Program Files\Android\Android Studio\jre\jre\bin\msvcr100.dll
0x00000000587e0000 - 0x000000005901f000 	C:\Program Files\Android\Android Studio\jre\jre\bin\server\jvm.dll
0x00007ff8b3cf0000 - 0x00007ff8b3cf8000 	C:\WINDOWS\System32\PSAPI.DLL
0x00007ff8a4050000 - 0x00007ff8a4059000 	C:\WINDOWS\SYSTEM32\WSOCK32.dll
0x00007ff8af670000 - 0x00007ff8af693000 	C:\WINDOWS\SYSTEM32\WINMM.dll
0x00007ff8b3d70000 - 0x00007ff8b3ddc000 	C:\WINDOWS\System32\WS2_32.dll
0x00007ff8ac3f0000 - 0x00007ff8ac3fa000 	C:\WINDOWS\SYSTEM32\VERSION.dll
0x00007ff8af640000 - 0x00007ff8af66a000 	C:\WINDOWS\SYSTEM32\WINMMBASE.dll
0x00007ff8b19e0000 - 0x00007ff8b1a29000 	C:\WINDOWS\System32\cfgmgr32.dll
0x00007ff8ae300000 - 0x00007ff8ae30f000 	C:\Program Files\Android\Android Studio\jre\jre\bin\verify.dll
0x00007ff8ae2d0000 - 0x00007ff8ae2f9000 	C:\Program Files\Android\Android Studio\jre\jre\bin\java.dll
0x00007ff8ae2b0000 - 0x00007ff8ae2c6000 	C:\Program Files\Android\Android Studio\jre\jre\bin\zip.dll
0x00007ff8b3e70000 - 0x00007ff8b52af000 	C:\WINDOWS\System32\SHELL32.dll
0x00007ff8b2b50000 - 0x00007ff8b2bf9000 	C:\WINDOWS\System32\shcore.dll
0x00007ff8b1b40000 - 0x00007ff8b224d000 	C:\WINDOWS\System32\windows.storage.dll
0x00007ff8b3e10000 - 0x00007ff8b3e61000 	C:\WINDOWS\System32\shlwapi.dll
0x00007ff8b19a0000 - 0x00007ff8b19b1000 	C:\WINDOWS\System32\kernel.appcore.dll
0x00007ff8b1980000 - 0x00007ff8b199f000 	C:\WINDOWS\System32\profapi.dll
0x00007ff8b1920000 - 0x00007ff8b196c000 	C:\WINDOWS\System32\powrprof.dll
0x00007ff8b1970000 - 0x00007ff8b197a000 	C:\WINDOWS\System32\FLTLIB.DLL
0x00007ff8a7dd0000 - 0x00007ff8a7dea000 	C:\Program Files\Android\Android Studio\jre\jre\bin\net.dll
0x00007ff8b1180000 - 0x00007ff8b11e6000 	C:\WINDOWS\system32\mswsock.dll
0x00007ff8a7db0000 - 0x00007ff8a7dc1000 	C:\Program Files\Android\Android Studio\jre\jre\bin\nio.dll
0x00007ff8a4690000 - 0x00007ff8a46ae000 	C:\Users\Mario\.gradle\native\25\windows-amd64\native-platform.dll
0x00007ff8ae290000 - 0x00007ff8ae29d000 	C:\Program Files\Android\Android Studio\jre\jre\bin\management.dll
0x00007ff8b1330000 - 0x00007ff8b1347000 	C:\WINDOWS\SYSTEM32\CRYPTSP.dll
0x00007ff8b0d60000 - 0x00007ff8b0d93000 	C:\WINDOWS\system32\rsaenh.dll
0x00007ff8b1460000 - 0x00007ff8b1485000 	C:\WINDOWS\SYSTEM32\bcrypt.dll
0x00007ff8b1830000 - 0x00007ff8b1858000 	C:\WINDOWS\SYSTEM32\USERENV.dll
0x00007ff8b1350000 - 0x00007ff8b135b000 	C:\WINDOWS\SYSTEM32\CRYPTBASE.dll
0x00007ff8b0f00000 - 0x00007ff8b0f38000 	C:\WINDOWS\SYSTEM32\IPHLPAPI.DLL
0x00007ff8b3700000 - 0x00007ff8b3708000 	C:\WINDOWS\System32\NSI.dll
0x00007ff8ab3a0000 - 0x00007ff8ab3b6000 	C:\WINDOWS\SYSTEM32\dhcpcsvc6.DLL
0x00007ff8ab380000 - 0x00007ff8ab39a000 	C:\WINDOWS\SYSTEM32\dhcpcsvc.DLL
0x00007ff8a4120000 - 0x00007ff8a42e9000 	C:\WINDOWS\SYSTEM32\dbghelp.dll

VM Arguments:
jvm_args: -Xmx1536m -Dfile.encoding=windows-1252 -Duser.country=ES -Duser.language=es -Duser.variant 
java_command: org.gradle.launcher.daemon.bootstrap.GradleDaemon 4.4
java_class_path (initial): C:\Users\Mario\.gradle\wrapper\dists\gradle-4.4-all\9br9xq1tocpiv8o6njlyu5op1\gradle-4.4\lib\gradle-launcher-4.4.jar
Launcher Type: SUN_STANDARD

Environment Variables:
PATH=C:\Program Files (x86)\Common Files\Intel\Shared Libraries\redist\intel64_win\compiler;C:\Program Files (x86)\Common Files\Intel\Shared Libraries\redist\ia32\compiler;C:\Program Files (x86)\Common Files\Intel\Shared Libraries\redist\intel64\compiler;C:\ProgramData\Oracle\Java\javapath;C:\Windows\system32;C:\Windows;C:\Windows\System32\Wbem;C:\Windows\System32\WindowsPowerShell\v1.0\;C:\Program Files (x86)\Skype\Phone\;C:\Program Files (x86)\Extensis\Suitcase Fusion\;C:\Program Files (x86)\GtkSharp\2.12\bin;C:\Program Files (x86)\QuickTime\QTSystem\;C:\WINDOWS\system32;C:\WINDOWS;C:\WINDOWS\System32\Wbem;C:\WINDOWS\System32\WindowsPowerShell\v1.0\;C:\WINDOWS\System32\OpenSSH\;C:\Program Files (x86)\Windows Kits\10\Windows Performance Toolkit\;C:\Program Files (x86)\ZeroTier\One\;C:\Users\Mario\AppData\Local\Microsoft\WindowsApps;C:\Users\Mario\AppData\Local\Programs\Python\Python37;
USERNAME=Mario
OS=Windows_NT
PROCESSOR_IDENTIFIER=Intel64 Family 6 Model 23 Stepping 10, GenuineIntel



---------------  S Y S T E M  ---------------

OS: Windows 10.0 , 64 bit Build 17134 (10.0.17134.1)

CPU:total 2 (initial active 2) (2 cores per cpu, 1 threads per core) family 6 model 23 stepping 10, cmov, cx8, fxsr, mmx, sse, sse2, sse3, ssse3, tsc

Memory: 4k page, physical 4193588k(1027036k free), swap 6818672k(2842516k free)

vm_info: OpenJDK 64-Bit Server VM (25.152-b02) for windows-amd64 JRE (1.8.0_152-release-1024-b02), built by "builder" with MS VC++ 10.0 (VS2010)

time: Mon Oct 15 17:43:26 2018
elapsed time: 31 seconds (0d 0h 0m 31s)

