#
# A fatal error has been detected by the Java Runtime Environment:
#
#  EXCEPTION_ACCESS_VIOLATION (0xc0000005) at pc=0xffffffffa4315120, pid=2188, tid=0x0000000000001814
#
# JRE version: OpenJDK Runtime Environment (8.0_152-b02) (build 1.8.0_152-release-1024-b02)
# Java VM: OpenJDK 64-Bit Server VM (25.152-b02 mixed mode windows-amd64 compressed oops)
# Problematic frame:
# C  0xffffffffa4315120
#
# Failed to write core dump. Minidumps are not enabled by default on client versions of Windows
#
# If you would like to submit a bug report, please visit:
#   http://bugreport.java.com/bugreport/crash.jsp
#

---------------  T H R E A D  ---------------

Current thread (0x000000001bab6000):  JavaThread "ForkJoinPool-1-worker-1" daemon [_thread_in_Java, id=6164, stack(0x0000000020cf0000,0x0000000020df0000)]

siginfo: ExceptionCode=0xc0000005, ExceptionInformation=0x0000000000000008 0xffffffffa4315120

Registers:
RAX=0x00000000e03ccd58, RBX=0x000000002079c980, RCX=0x00000000eac77068, RDX=0x00000000e9e05b90
RSP=0x0000000020deeb48, RBP=0x0000000020deedb0, RSI=0x00000000e9e05b90, RDI=0x00000000ffffffd8
R8 =0x00000000ffffffd8, R9 =0x0000000000000000, R10=0x00000000a25d64f8, R11=0x000000000010a9dc
R12=0x0000000000000000, R13=0x00000000039efc4c, R14=0x0000000020deeab8, R15=0x000000001bab6000
RIP=0xffffffffa4315120, EFLAGS=0x0000000000010297

Top of Stack: (sp=0x0000000020deeb48)
0x0000000020deeb48:   00000000039d2084 ffffffffffffffff
0x0000000020deeb58:   0000000020a2ea18 0000000020deec38
0x0000000020deeb68:   0000000020deeba0 0000000000000000
0x0000000020deeb78:   0000000000000000 000000001bab6000
0x0000000020deeb88:   0000000000000000 000000001537f5c8
0x0000000020deeb98:   000000001bab6000 000000001537f5c8
0x0000000020deeba8:   000000001bab6000 0000000000000010
0x0000000020deebb8:   0000000002229040 00000000eab987a8
0x0000000020deebc8:   00000000ea480b18 00000000e9e05c40
0x0000000020deebd8:   00000000e9e05b90 0000000300000004
0x0000000020deebe8:   00000000e9e05b90 00000000e9e05b90
0x0000000020deebf8:   0000000000000003 00000000e9e05b90
0x0000000020deec08:   00000000e9e05b90 0010a9b400155d08
0x0000000020deec18:   00000000e9e05b90 00000000e9e05b90
0x0000000020deec28:   00000024ffffffd8 00000000e9e05b90
0x0000000020deec38:   000000080000000d 00000000e9e05b90 

Instructions: (pc=0xffffffffa4315120)
0xffffffffa4315100:   
[error occurred during error reporting (printing registers, top of stack, instructions near pc), id 0xc0000005]

Register to memory mapping:

RAX=0x00000000e03ccd58 is an oop
java.nio.ByteBufferAsShortBufferL 
 - klass: 'java/nio/ByteBufferAsShortBufferL'
RBX={method} {0x000000002079c988} 'write' '(Ljava/nio/ShortBuffer;Lcom/android/tools/r8/graph/ObjectToOffsetMapping;)V' in 'com/android/tools/r8/code/ReturnVoid'
RCX=0x00000000eac77068 is an oop
[I 
 - klass: {type array int}
 - length: 32769
RDX=0x00000000e9e05b90 is an oop
com.android.tools.r8.dex.DexOutputBuffer 
 - klass: 'com/android/tools/r8/dex/DexOutputBuffer'
RSP=0x0000000020deeb48 is pointing into the stack for thread: 0x000000001bab6000
RBP=0x0000000020deedb0 is pointing into the stack for thread: 0x000000001bab6000
RSI=0x00000000e9e05b90 is an oop
com.android.tools.r8.dex.DexOutputBuffer 
 - klass: 'com/android/tools/r8/dex/DexOutputBuffer'
RDI=0x00000000ffffffd8 is an unallocated location in the heap
R8 =0x00000000ffffffd8 is an unallocated location in the heap
R9 =0x0000000000000000 is an unknown value
R10=0x00000000a25d64f8 is an oop
java.nio.HeapByteBuffer 
 - klass: 'java/nio/HeapByteBuffer'
R11=0x000000000010a9dc is an unknown value
R12=0x0000000000000000 is an unknown value
R13=0x00000000039efc4c is at entry_point+492 in (nmethod*)0x00000000039ef8d0
R14=0x0000000020deeab8 is pointing into the stack for thread: 0x000000001bab6000
R15=0x000000001bab6000 is a thread


Stack: [0x0000000020cf0000,0x0000000020df0000],  sp=0x0000000020deeb48,  free space=1018k
Native frames: (J=compiled Java code, j=interpreted, Vv=VM code, C=native code)
C  0xffffffffa4315120


---------------  P R O C E S S  ---------------

Java Threads: ( => current thread )
  0x000000001babd000 JavaThread "ForkJoinPool.commonPool-worker-0" daemon [_thread_blocked, id=3080, stack(0x0000000020ef0000,0x0000000020ff0000)]
  0x000000001babb800 JavaThread "ForkJoinPool-1-worker-0" daemon [_thread_blocked, id=3956, stack(0x0000000020df0000,0x0000000020ef0000)]
=>0x000000001bab6000 JavaThread "ForkJoinPool-1-worker-1" daemon [_thread_in_Java, id=6164, stack(0x0000000020cf0000,0x0000000020df0000)]
  0x000000001bab6800 JavaThread "ForkJoinPool.commonPool-worker-1" daemon [_thread_blocked, id=4560, stack(0x00000000201e0000,0x00000000202e0000)]
  0x000000001bab3800 JavaThread "Cache worker for Java compile cache (D:\Clase\PMDM\Ejercicios\Ej06Activity\.gradle\4.4\javaCompile)" [_thread_blocked, id=3516, stack(0x000000001fae0000,0x000000001fbe0000)]
  0x000000001bab3000 JavaThread "Task worker for ':'" [_thread_blocked, id=3572, stack(0x000000001e810000,0x000000001e910000)]
  0x000000001bab4800 JavaThread "Cache worker for Build Output Cleanup Cache (D:\Clase\PMDM\Ejercicios\Ej06Activity\.gradle\buildOutputCleanup)" [_thread_blocked, id=7472, stack(0x000000001e710000,0x000000001e810000)]
  0x000000001ae0e000 JavaThread "Cache worker for task history cache (D:\Clase\PMDM\Ejercicios\Ej06Activity\.gradle\4.4\taskHistory)" [_thread_blocked, id=1536, stack(0x000000001e610000,0x000000001e710000)]
  0x000000001ae0f000 JavaThread "Cache worker for file content cache (D:\Clase\PMDM\Ejercicios\Ej06Activity\.gradle\4.4\fileContent)" [_thread_blocked, id=708, stack(0x000000001e410000,0x000000001e510000)]
  0x000000001ae11000 JavaThread "Memory manager" [_thread_blocked, id=4236, stack(0x000000001d510000,0x000000001d610000)]
  0x000000001ae0c000 JavaThread "build operations Thread 2" [_thread_blocked, id=7452, stack(0x000000001ce10000,0x000000001cf10000)]
  0x000000001ae10800 JavaThread "build operations" [_thread_blocked, id=6592, stack(0x000000001cd10000,0x000000001ce10000)]
  0x000000001ae12000 JavaThread "Cache worker for Artifact transforms cache (C:\Users\Mario\.gradle\caches\transforms-1)" [_thread_blocked, id=6444, stack(0x000000001afc0000,0x000000001b0c0000)]
  0x0000000018a4e000 JavaThread "Cache worker for file hash cache (D:\Clase\PMDM\Ejercicios\Ej06Activity\.gradle\4.4\fileHashes)" [_thread_blocked, id=6132, stack(0x000000001aec0000,0x000000001afc0000)]
  0x00000000183ff800 JavaThread "File lock request listener" [_thread_in_native, id=7044, stack(0x0000000019df0000,0x0000000019ef0000)]
  0x00000000183fe800 JavaThread "Cache worker for file hash cache (C:\Users\Mario\.gradle\caches\4.4\fileHashes)" [_thread_blocked, id=1872, stack(0x0000000019cf0000,0x0000000019df0000)]
  0x000000001818c000 JavaThread "Stdin handler" [_thread_blocked, id=8496, stack(0x00000000199f0000,0x0000000019af0000)]
  0x000000001818b000 JavaThread "Asynchronous log dispatcher for DefaultDaemonConnection: socket connection from /127.0.0.1:59563 to /127.0.0.1:59564" [_thread_blocked, id=8756, stack(0x00000000198f0000,0x00000000199f0000)]
  0x0000000018186000 JavaThread "Daemon worker" [_thread_blocked, id=2568, stack(0x00000000197f0000,0x00000000198f0000)]
  0x0000000018185000 JavaThread "Cancel handler" [_thread_blocked, id=9008, stack(0x00000000196f0000,0x00000000197f0000)]
  0x0000000017f34000 JavaThread "Daemon periodic checks" [_thread_blocked, id=7032, stack(0x00000000193f0000,0x00000000194f0000)]
  0x0000000017f36000 JavaThread "Handler for socket connection from /127.0.0.1:59563 to /127.0.0.1:59564" [_thread_in_native, id=8268, stack(0x00000000192f0000,0x00000000193f0000)]
  0x0000000017f33800 JavaThread "Daemon" [_thread_blocked, id=2620, stack(0x00000000191f0000,0x00000000192f0000)]
  0x000000001824f800 JavaThread "Incoming local TCP Connector on port 59563" [_thread_in_native, id=6956, stack(0x0000000018f90000,0x0000000019090000)]
  0x0000000015a3c000 JavaThread "Service Thread" daemon [_thread_blocked, id=1952, stack(0x0000000016c80000,0x0000000016d80000)]
  0x0000000015a35800 JavaThread "C1 CompilerThread1" daemon [_thread_blocked, id=7048, stack(0x0000000016b80000,0x0000000016c80000)]
  0x0000000015a32000 JavaThread "C2 CompilerThread0" daemon [_thread_in_native, id=8536, stack(0x0000000016a80000,0x0000000016b80000)]
  0x0000000015a44000 JavaThread "Attach Listener" daemon [_thread_blocked, id=8260, stack(0x0000000016980000,0x0000000016a80000)]
  0x0000000015a40800 JavaThread "Signal Dispatcher" daemon [_thread_blocked, id=1184, stack(0x0000000016880000,0x0000000016980000)]
  0x0000000015a1d000 JavaThread "Finalizer" daemon [_thread_blocked, id=4060, stack(0x0000000016670000,0x0000000016770000)]
  0x00000000159f4800 JavaThread "Reference Handler" daemon [_thread_blocked, id=6864, stack(0x0000000016570000,0x0000000016670000)]
  0x000000000220e000 JavaThread "main" [_thread_blocked, id=4576, stack(0x0000000002090000,0x0000000002190000)]

Other Threads:
  0x00000000159ec000 VMThread [stack: 0x0000000016470000,0x0000000016570000] [id=372]
  0x0000000015ab5000 WatcherThread [stack: 0x0000000016d80000,0x0000000016e80000] [id=6476]

VM state:not at safepoint (normal execution)

VM Mutex/Monitor currently owned by a thread: None

Heap:
 PSYoungGen      total 180736K, used 28756K [0x00000000e0000000, 0x00000000efe00000, 0x0000000100000000)
  eden space 156160K, 2% used [0x00000000e0000000,0x00000000e0415f10,0x00000000e9880000)
  from space 24576K, 99% used [0x00000000e9880000,0x00000000eb07f3c8,0x00000000eb080000)
  to   space 32256K, 0% used [0x00000000ede80000,0x00000000ede80000,0x00000000efe00000)
 ParOldGen       total 100352K, used 47101K [0x00000000a0000000, 0x00000000a6200000, 0x00000000e0000000)
  object space 100352K, 46% used [0x00000000a0000000,0x00000000a2dff7d8,0x00000000a6200000)
 Metaspace       used 65873K, capacity 68284K, committed 68440K, reserved 1107968K
  class space    used 8968K, capacity 9491K, committed 9600K, reserved 1048576K

Card table byte_map: [0x00000000116d0000,0x00000000119e0000] byte_map_base: 0x00000000111d0000

Marking Bits: (ParMarkBitMap*) 0x0000000058fa4970
 Begin Bits: [0x0000000011de0000, 0x00000000135e0000)
 End Bits:   [0x00000000135e0000, 0x0000000014de0000)

Polling page: 0x0000000000490000

CodeCache: size=245760Kb used=23342Kb max_used=23353Kb free=222417Kb
 bounds [0x0000000002310000, 0x0000000003a00000, 0x0000000011310000]
 total_blobs=8584 nmethods=7779 adapters=718
 compilation: enabled

Compilation events (10 events):
Event: 40.049 Thread 0x0000000015a35800 8655       1       com.android.tools.r8.code.InvokeStaticRange::getOpcode (3 bytes)
Event: 40.049 Thread 0x0000000015a35800 nmethod 8655 0x00000000039ef210 code [0x00000000039ef360, 0x00000000039ef470]
Event: 40.051 Thread 0x0000000015a32000 nmethod 8442 0x00000000039f0ad0 code [0x00000000039f0c20, 0x00000000039f0de8]
Event: 40.051 Thread 0x0000000015a32000 8565       4       com.android.tools.r8.dex.DexOutputBuffer::ensureSpaceFor (80 bytes)
Event: 40.052 Thread 0x0000000015a35800 8656       1       com.android.tools.r8.code.AndIntLit8::getOpcode (4 bytes)
Event: 40.052 Thread 0x0000000015a35800 nmethod 8656 0x00000000039eef50 code [0x00000000039ef0a0, 0x00000000039ef1b0]
Event: 40.053 Thread 0x0000000015a35800 8657       3       com.android.tools.r8.code.SubInt::write (7 bytes)
Event: 40.054 Thread 0x0000000015a35800 nmethod 8657 0x00000000039ee4d0 code [0x00000000039ee680, 0x00000000039eec98]
Event: 40.054 Thread 0x0000000015a32000 nmethod 8565 0x00000000039f4210 code [0x00000000039f4380, 0x00000000039f4598]
Event: 40.054 Thread 0x0000000015a32000 8481       4       com.android.tools.r8.graph.ObjectToOffsetMapping::getOffsetFor (89 bytes)

GC Heap History (10 events):
Event: 20.522 GC heap before
{Heap before GC invocations=10 (full 2):
 PSYoungGen      total 138240K, used 127488K [0x00000000e0000000, 0x00000000e9b00000, 0x0000000100000000)
  eden space 127488K, 100% used [0x00000000e0000000,0x00000000e7c80000,0x00000000e7c80000)
  from space 10752K, 0% used [0x00000000e7c80000,0x00000000e7c80000,0x00000000e8700000)
  to   space 13824K, 0% used [0x00000000e8d80000,0x00000000e8d80000,0x00000000e9b00000)
 ParOldGen       total 67584K, used 19302K [0x00000000a0000000, 0x00000000a4200000, 0x00000000e0000000)
  object space 67584K, 28% used [0x00000000a0000000,0x00000000a12d9ab0,0x00000000a4200000)
 Metaspace       used 43037K, capacity 44046K, committed 44120K, reserved 1087488K
  class space    used 5918K, capacity 6206K, committed 6272K, reserved 1048576K
Event: 20.611 GC heap after
Heap after GC invocations=10 (full 2):
 PSYoungGen      total 142848K, used 13813K [0x00000000e0000000, 0x00000000ed200000, 0x0000000100000000)
  eden space 129024K, 0% used [0x00000000e0000000,0x00000000e0000000,0x00000000e7e00000)
  from space 13824K, 99% used [0x00000000e8d80000,0x00000000e9afd7a8,0x00000000e9b00000)
  to   space 15872K, 0% used [0x00000000e7e00000,0x00000000e7e00000,0x00000000e8d80000)
 ParOldGen       total 67584K, used 19453K [0x00000000a0000000, 0x00000000a4200000, 0x00000000e0000000)
  object space 67584K, 28% used [0x00000000a0000000,0x00000000a12ff548,0x00000000a4200000)
 Metaspace       used 43037K, capacity 44046K, committed 44120K, reserved 1087488K
  class space    used 5918K, capacity 6206K, committed 6272K, reserved 1048576K
}
Event: 28.725 GC heap before
{Heap before GC invocations=11 (full 2):
 PSYoungGen      total 142848K, used 142837K [0x00000000e0000000, 0x00000000ed200000, 0x0000000100000000)
  eden space 129024K, 100% used [0x00000000e0000000,0x00000000e7e00000,0x00000000e7e00000)
  from space 13824K, 99% used [0x00000000e8d80000,0x00000000e9afd7a8,0x00000000e9b00000)
  to   space 15872K, 0% used [0x00000000e7e00000,0x00000000e7e00000,0x00000000e8d80000)
 ParOldGen       total 67584K, used 19453K [0x00000000a0000000, 0x00000000a4200000, 0x00000000e0000000)
  object space 67584K, 28% used [0x00000000a0000000,0x00000000a12ff548,0x00000000a4200000)
 Metaspace       used 53100K, capacity 54670K, committed 55000K, reserved 1097728K
  class space    used 7245K, capacity 7604K, committed 7680K, reserved 1048576K
Event: 28.787 GC heap after
Heap after GC invocations=11 (full 2):
 PSYoungGen      total 144896K, used 15852K [0x00000000e0000000, 0x00000000ec480000, 0x0000000100000000)
  eden space 129024K, 0% used [0x00000000e0000000,0x00000000e0000000,0x00000000e7e00000)
  from space 15872K, 99% used [0x00000000e7e00000,0x00000000e8d7b3d8,0x00000000e8d80000)
  to   space 20480K, 0% used [0x00000000eb080000,0x00000000eb080000,0x00000000ec480000)
 ParOldGen       total 67584K, used 23915K [0x00000000a0000000, 0x00000000a4200000, 0x00000000e0000000)
  object space 67584K, 35% used [0x00000000a0000000,0x00000000a175ae30,0x00000000a4200000)
 Metaspace       used 53100K, capacity 54670K, committed 55000K, reserved 1097728K
  class space    used 7245K, capacity 7604K, committed 7680K, reserved 1048576K
}
Event: 33.521 GC heap before
{Heap before GC invocations=12 (full 2):
 PSYoungGen      total 144896K, used 75328K [0x00000000e0000000, 0x00000000ec480000, 0x0000000100000000)
  eden space 129024K, 46% used [0x00000000e0000000,0x00000000e3a14ee0,0x00000000e7e00000)
  from space 15872K, 99% used [0x00000000e7e00000,0x00000000e8d7b3d8,0x00000000e8d80000)
  to   space 20480K, 0% used [0x00000000eb080000,0x00000000eb080000,0x00000000ec480000)
 ParOldGen       total 67584K, used 23915K [0x00000000a0000000, 0x00000000a4200000, 0x00000000e0000000)
  object space 67584K, 35% used [0x00000000a0000000,0x00000000a175ae30,0x00000000a4200000)
 Metaspace       used 57273K, capacity 58918K, committed 59028K, reserved 1099776K
  class space    used 7794K, capacity 8164K, committed 8192K, reserved 1048576K
Event: 33.596 GC heap after
Heap after GC invocations=12 (full 2):
 PSYoungGen      total 176640K, used 20468K [0x00000000e0000000, 0x00000000ecd00000, 0x0000000100000000)
  eden space 156160K, 0% used [0x00000000e0000000,0x00000000e0000000,0x00000000e9880000)
  from space 20480K, 99% used [0x00000000eb080000,0x00000000ec47d298,0x00000000ec480000)
  to   space 24576K, 0% used [0x00000000e9880000,0x00000000e9880000,0x00000000eb080000)
 ParOldGen       total 67584K, used 26963K [0x00000000a0000000, 0x00000000a4200000, 0x00000000e0000000)
  object space 67584K, 39% used [0x00000000a0000000,0x00000000a1a54cc0,0x00000000a4200000)
 Metaspace       used 57273K, capacity 58918K, committed 59028K, reserved 1099776K
  class space    used 7794K, capacity 8164K, committed 8192K, reserved 1048576K
}
Event: 33.596 GC heap before
{Heap before GC invocations=13 (full 3):
 PSYoungGen      total 176640K, used 20468K [0x00000000e0000000, 0x00000000ecd00000, 0x0000000100000000)
  eden space 156160K, 0% used [0x00000000e0000000,0x00000000e0000000,0x00000000e9880000)
  from space 20480K, 99% used [0x00000000eb080000,0x00000000ec47d298,0x00000000ec480000)
  to   space 24576K, 0% used [0x00000000e9880000,0x00000000e9880000,0x00000000eb080000)
 ParOldGen       total 67584K, used 26963K [0x00000000a0000000, 0x00000000a4200000, 0x00000000e0000000)
  object space 67584K, 39% used [0x00000000a0000000,0x00000000a1a54cc0,0x00000000a4200000)
 Metaspace       used 57273K, capacity 58918K, committed 59028K, reserved 1099776K
  class space    used 7794K, capacity 8164K, committed 8192K, reserved 1048576K
Event: 33.992 GC heap after
Heap after GC invocations=13 (full 3):
 PSYoungGen      total 176640K, used 0K [0x00000000e0000000, 0x00000000ecd00000, 0x0000000100000000)
  eden space 156160K, 0% used [0x00000000e0000000,0x00000000e0000000,0x00000000e9880000)
  from space 20480K, 0% used [0x00000000eb080000,0x00000000eb080000,0x00000000ec480000)
  to   space 24576K, 0% used [0x00000000e9880000,0x00000000e9880000,0x00000000eb080000)
 ParOldGen       total 100352K, used 36463K [0x00000000a0000000, 0x00000000a6200000, 0x00000000e0000000)
  object space 100352K, 36% used [0x00000000a0000000,0x00000000a239bfe0,0x00000000a6200000)
 Metaspace       used 57273K, capacity 58918K, committed 59028K, reserved 1099776K
  class space    used 7794K, capacity 8164K, committed 8192K, reserved 1048576K
}
Event: 39.815 GC heap before
{Heap before GC invocations=14 (full 3):
 PSYoungGen      total 176640K, used 156160K [0x00000000e0000000, 0x00000000ecd00000, 0x0000000100000000)
  eden space 156160K, 100% used [0x00000000e0000000,0x00000000e9880000,0x00000000e9880000)
  from space 20480K, 0% used [0x00000000eb080000,0x00000000eb080000,0x00000000ec480000)
  to   space 24576K, 0% used [0x00000000e9880000,0x00000000e9880000,0x00000000eb080000)
 ParOldGen       total 100352K, used 36463K [0x00000000a0000000, 0x00000000a6200000, 0x00000000e0000000)
  object space 100352K, 36% used [0x00000000a0000000,0x00000000a239bfe0,0x00000000a6200000)
 Metaspace       used 65812K, capacity 68220K, committed 68440K, reserved 1107968K
  class space    used 8968K, capacity 9491K, committed 9600K, reserved 1048576K
Event: 39.939 GC heap after
Heap after GC invocations=14 (full 3):
 PSYoungGen      total 180736K, used 24572K [0x00000000e0000000, 0x00000000efe00000, 0x0000000100000000)
  eden space 156160K, 0% used [0x00000000e0000000,0x00000000e0000000,0x00000000e9880000)
  from space 24576K, 99% used [0x00000000e9880000,0x00000000eb07f3c8,0x00000000eb080000)
  to   space 32256K, 0% used [0x00000000ede80000,0x00000000ede80000,0x00000000efe00000)
 ParOldGen       total 100352K, used 47101K [0x00000000a0000000, 0x00000000a6200000, 0x00000000e0000000)
  object space 100352K, 46% used [0x00000000a0000000,0x00000000a2dff7d8,0x00000000a6200000)
 Metaspace       used 65812K, capacity 68220K, committed 68440K, reserved 1107968K
  class space    used 8968K, capacity 9491K, committed 9600K, reserved 1048576K
}

Deoptimization events (10 events):
Event: 38.255 Thread 0x000000001bab6000 Uncommon trap: reason=unstable_if action=reinterpret pc=0x00000000031820f0 method=java.util.Arrays.hashCode([Ljava/lang/Object;)I @ 1
Event: 38.257 Thread 0x000000001bab6000 Uncommon trap: reason=unstable_if action=reinterpret pc=0x00000000037f73a4 method=java.util.Arrays.equals([B[B)Z @ 2
Event: 38.661 Thread 0x000000001babb800 Uncommon trap: reason=unstable_if action=reinterpret pc=0x0000000003804900 method=com.android.tools.r8.utils.IdentifierUtils.isSimpleNameChar(C)Z @ 51
Event: 39.540 Thread 0x000000001bab6000 Uncommon trap: reason=unstable_if action=reinterpret pc=0x00000000031dd9f8 method=java.util.Arrays.equals([Ljava/lang/Object;[Ljava/lang/Object;)Z @ 47
Event: 39.725 Thread 0x000000001bab6000 Uncommon trap: reason=predicate action=maybe_recompile pc=0x0000000003964f90 method=java.util.TimSort.binarySort([Ljava/lang/Object;IIILjava/util/Comparator;)V @ 37
Event: 39.740 Thread 0x000000001bab6000 Uncommon trap: reason=array_check action=maybe_recompile pc=0x00000000039a4684 method=java.util.TimSort.binarySort([Ljava/lang/Object;IIILjava/util/Comparator;)V @ 215
Event: 39.741 Thread 0x000000001bab6000 Uncommon trap: reason=array_check action=maybe_recompile pc=0x00000000039a4684 method=java.util.TimSort.binarySort([Ljava/lang/Object;IIILjava/util/Comparator;)V @ 215
Event: 39.741 Thread 0x000000001bab6000 Uncommon trap: reason=array_check action=maybe_recompile pc=0x00000000039a4684 method=java.util.TimSort.binarySort([Ljava/lang/Object;IIILjava/util/Comparator;)V @ 215
Event: 39.745 Thread 0x000000001bab6000 Uncommon trap: reason=array_check action=maybe_recompile pc=0x00000000039a4684 method=java.util.TimSort.binarySort([Ljava/lang/Object;IIILjava/util/Comparator;)V @ 215
Event: 39.939 Thread 0x00000000159f4800 Uncommon trap: reason=unstable_if action=reinterpret pc=0x0000000002c879bc method=java.lang.ref.Reference.tryHandlePending(Z)Z @ 20

Classes redefined (0 events):
No events

Internal exceptions (10 events):
Event: 36.142 Thread 0x0000000018186000 Exception <a 'java/lang/NoSuchMethodError': java.lang.Object.lambda$and$0(Ljava/util/function/Predicate;Ljava/lang/Object;)Z> (0x00000000e20679e8) thrown at [D:\src\AOSP-openjdk-cygwin\jdk8u\hotspot\src\share\vm\interpreter\linkResolver.cpp, line 584]
Event: 36.158 Thread 0x0000000018186000 Exception <a 'java/lang/NoSuchMethodError': java.lang.Object.lambda$static$0(Ljava/lang/String;)Z> (0x00000000e2080bb8) thrown at [D:\src\AOSP-openjdk-cygwin\jdk8u\hotspot\src\share\vm\interpreter\linkResolver.cpp, line 584]
Event: 36.274 Thread 0x000000001bab6800 Exception <a 'sun/nio/fs/WindowsException'> (0x00000000e2506050) thrown at [D:\src\AOSP-openjdk-cygwin\jdk8u\hotspot\src\share\vm\prims\jni.cpp, line 709]
Event: 36.278 Thread 0x0000000018186000 Exception <a 'sun/nio/fs/WindowsException'> (0x00000000e23bedf0) thrown at [D:\src\AOSP-openjdk-cygwin\jdk8u\hotspot\src\share\vm\prims\jni.cpp, line 709]
Event: 36.784 Thread 0x000000001bab8000 Exception <a 'java/lang/NoSuchMethodError': java.lang.Object.lambda$comparingInt$7b0bb60$1(Ljava/util/function/ToIntFunction;Ljava/lang/Object;Ljava/lang/Object;)I> (0x00000000e338f000) thrown at [D:\src\AOSP-openjdk-cygwin\jdk8u\hotspot\src\share\vm\inte
Event: 37.164 Thread 0x000000001bab8000 Exception <a 'sun/nio/fs/WindowsException'> (0x00000000e3e07e58) thrown at [D:\src\AOSP-openjdk-cygwin\jdk8u\hotspot\src\share\vm\prims\jni.cpp, line 709]
Event: 37.165 Thread 0x000000001baba800 Exception <a 'sun/nio/fs/WindowsException'> (0x00000000e3d8c208) thrown at [D:\src\AOSP-openjdk-cygwin\jdk8u\hotspot\src\share\vm\prims\jni.cpp, line 709]
Event: 37.171 Thread 0x000000001bab9800 Exception <a 'sun/nio/fs/WindowsException'> (0x00000000e3dbab08) thrown at [D:\src\AOSP-openjdk-cygwin\jdk8u\hotspot\src\share\vm\prims\jni.cpp, line 709]
Event: 37.927 Thread 0x000000001bab6800 Exception <a 'sun/nio/fs/WindowsException'> (0x00000000e433b5f8) thrown at [D:\src\AOSP-openjdk-cygwin\jdk8u\hotspot\src\share\vm\prims\jni.cpp, line 709]
Event: 38.255 Thread 0x000000001bab6000 Implicit null exception at 0x0000000003181fef to 0x00000000031820e1

Events (10 events):
Event: 39.942 Executing VM operation: RevokeBias
Event: 39.942 Executing VM operation: RevokeBias done
Event: 39.942 Executing VM operation: RevokeBias
Event: 39.943 Executing VM operation: RevokeBias done
Event: 39.943 Executing VM operation: RevokeBias
Event: 39.943 Executing VM operation: RevokeBias done
Event: 39.943 Executing VM operation: RevokeBias
Event: 39.943 Executing VM operation: RevokeBias done
Event: 39.979 Thread 0x000000001bab6000 DEOPT PACKING pc=0x00000000039c46f5 sp=0x0000000020deeb90
Event: 39.979 Thread 0x000000001bab6000 DEOPT UNPACKING pc=0x00000000023571d0 sp=0x0000000020dee8d8 mode 0


Dynamic libraries:
0x00007ff7210f0000 - 0x00007ff721121000 	C:\Program Files\Android\Android Studio\jre\bin\java.exe
0x00007ff8b55f0000 - 0x00007ff8b57d1000 	C:\WINDOWS\SYSTEM32\ntdll.dll
0x00007ff8b3640000 - 0x00007ff8b36f2000 	C:\WINDOWS\System32\KERNEL32.DLL
0x00007ff8b2560000 - 0x00007ff8b27d3000 	C:\WINDOWS\System32\KERNELBASE.dll
0x00007ff8b52b0000 - 0x00007ff8b5351000 	C:\WINDOWS\System32\ADVAPI32.dll
0x00007ff8b3710000 - 0x00007ff8b37ae000 	C:\WINDOWS\System32\msvcrt.dll
0x00007ff8b5560000 - 0x00007ff8b55bb000 	C:\WINDOWS\System32\sechost.dll
0x00007ff8b30f0000 - 0x00007ff8b3214000 	C:\WINDOWS\System32\RPCRT4.dll
0x00007ff8b34b0000 - 0x00007ff8b3640000 	C:\WINDOWS\System32\USER32.dll
0x00007ff8b19c0000 - 0x00007ff8b19e0000 	C:\WINDOWS\System32\win32u.dll
0x00007ff8b3de0000 - 0x00007ff8b3e08000 	C:\WINDOWS\System32\GDI32.dll
0x00007ff8b28e0000 - 0x00007ff8b2a72000 	C:\WINDOWS\System32\gdi32full.dll
0x00007ff8b2250000 - 0x00007ff8b22ef000 	C:\WINDOWS\System32\msvcp_win.dll
0x00007ff8b27e0000 - 0x00007ff8b28da000 	C:\WINDOWS\System32\ucrtbase.dll
0x00007ff8aa3a0000 - 0x00007ff8aa609000 	C:\WINDOWS\WinSxS\amd64_microsoft.windows.common-controls_6595b64144ccf1df_6.0.17134.345_none_fb429a5930656358\COMCTL32.dll
0x00007ff8b37b0000 - 0x00007ff8b3ad3000 	C:\WINDOWS\System32\combase.dll
0x00007ff8b24e0000 - 0x00007ff8b255a000 	C:\WINDOWS\System32\bcryptPrimitives.dll
0x00007ff8b3cc0000 - 0x00007ff8b3ced000 	C:\WINDOWS\System32\IMM32.DLL
0x0000000058700000 - 0x00000000587d2000 	C:\Program Files\Android\Android Studio\jre\jre\bin\msvcr100.dll
0x00000000587e0000 - 0x000000005901f000 	C:\Program Files\Android\Android Studio\jre\jre\bin\server\jvm.dll
0x00007ff8b3cf0000 - 0x00007ff8b3cf8000 	C:\WINDOWS\System32\PSAPI.DLL
0x00007ff8a4050000 - 0x00007ff8a4059000 	C:\WINDOWS\SYSTEM32\WSOCK32.dll
0x00007ff8b3d70000 - 0x00007ff8b3ddc000 	C:\WINDOWS\System32\WS2_32.dll
0x00007ff8af670000 - 0x00007ff8af693000 	C:\WINDOWS\SYSTEM32\WINMM.dll
0x00007ff8ac3f0000 - 0x00007ff8ac3fa000 	C:\WINDOWS\SYSTEM32\VERSION.dll
0x00007ff8af640000 - 0x00007ff8af66a000 	C:\WINDOWS\SYSTEM32\WINMMBASE.dll
0x00007ff8b19e0000 - 0x00007ff8b1a29000 	C:\WINDOWS\System32\cfgmgr32.dll
0x00007ff8ae300000 - 0x00007ff8ae30f000 	C:\Program Files\Android\Android Studio\jre\jre\bin\verify.dll
0x00007ff8ae2d0000 - 0x00007ff8ae2f9000 	C:\Program Files\Android\Android Studio\jre\jre\bin\java.dll
0x00007ff8ae2b0000 - 0x00007ff8ae2c6000 	C:\Program Files\Android\Android Studio\jre\jre\bin\zip.dll
0x00007ff8b3e70000 - 0x00007ff8b52af000 	C:\WINDOWS\System32\SHELL32.dll
0x00007ff8b2b50000 - 0x00007ff8b2bf9000 	C:\WINDOWS\System32\shcore.dll
0x00007ff8b1b40000 - 0x00007ff8b224d000 	C:\WINDOWS\System32\windows.storage.dll
0x00007ff8b3e10000 - 0x00007ff8b3e61000 	C:\WINDOWS\System32\shlwapi.dll
0x00007ff8b19a0000 - 0x00007ff8b19b1000 	C:\WINDOWS\System32\kernel.appcore.dll
0x00007ff8b1980000 - 0x00007ff8b199f000 	C:\WINDOWS\System32\profapi.dll
0x00007ff8b1920000 - 0x00007ff8b196c000 	C:\WINDOWS\System32\powrprof.dll
0x00007ff8b1970000 - 0x00007ff8b197a000 	C:\WINDOWS\System32\FLTLIB.DLL
0x00007ff8a7dd0000 - 0x00007ff8a7dea000 	C:\Program Files\Android\Android Studio\jre\jre\bin\net.dll
0x00007ff8b1180000 - 0x00007ff8b11e6000 	C:\WINDOWS\system32\mswsock.dll
0x00007ff8a7db0000 - 0x00007ff8a7dc1000 	C:\Program Files\Android\Android Studio\jre\jre\bin\nio.dll
0x00007ff8a7d30000 - 0x00007ff8a7d4e000 	C:\Users\Mario\.gradle\native\25\windows-amd64\native-platform.dll
0x00007ff8ae290000 - 0x00007ff8ae29d000 	C:\Program Files\Android\Android Studio\jre\jre\bin\management.dll
0x00007ff8b1330000 - 0x00007ff8b1347000 	C:\WINDOWS\SYSTEM32\CRYPTSP.dll
0x00007ff8b0d60000 - 0x00007ff8b0d93000 	C:\WINDOWS\system32\rsaenh.dll
0x00007ff8b1460000 - 0x00007ff8b1485000 	C:\WINDOWS\SYSTEM32\bcrypt.dll
0x00007ff8b1830000 - 0x00007ff8b1858000 	C:\WINDOWS\SYSTEM32\USERENV.dll
0x00007ff8b1350000 - 0x00007ff8b135b000 	C:\WINDOWS\SYSTEM32\CRYPTBASE.dll
0x00007ff8b0f00000 - 0x00007ff8b0f38000 	C:\WINDOWS\SYSTEM32\IPHLPAPI.DLL
0x00007ff8b3700000 - 0x00007ff8b3708000 	C:\WINDOWS\System32\NSI.dll
0x00007ff8ab3a0000 - 0x00007ff8ab3b6000 	C:\WINDOWS\SYSTEM32\dhcpcsvc6.DLL
0x00007ff8ab380000 - 0x00007ff8ab39a000 	C:\WINDOWS\SYSTEM32\dhcpcsvc.DLL
0x00007ff8a4120000 - 0x00007ff8a42e9000 	C:\WINDOWS\SYSTEM32\dbghelp.dll

VM Arguments:
jvm_args: -Xmx1536m -Dfile.encoding=windows-1252 -Duser.country=ES -Duser.language=es -Duser.variant 
java_command: org.gradle.launcher.daemon.bootstrap.GradleDaemon 4.4
java_class_path (initial): C:\Users\Mario\.gradle\wrapper\dists\gradle-4.4-all\9br9xq1tocpiv8o6njlyu5op1\gradle-4.4\lib\gradle-launcher-4.4.jar
Launcher Type: SUN_STANDARD

Environment Variables:
PATH=C:\Program Files (x86)\Common Files\Intel\Shared Libraries\redist\intel64_win\compiler;C:\Program Files (x86)\Common Files\Intel\Shared Libraries\redist\ia32\compiler;C:\Program Files (x86)\Common Files\Intel\Shared Libraries\redist\intel64\compiler;C:\ProgramData\Oracle\Java\javapath;C:\Windows\system32;C:\Windows;C:\Windows\System32\Wbem;C:\Windows\System32\WindowsPowerShell\v1.0\;C:\Program Files (x86)\Skype\Phone\;C:\Program Files (x86)\Extensis\Suitcase Fusion\;C:\Program Files (x86)\GtkSharp\2.12\bin;C:\Program Files (x86)\QuickTime\QTSystem\;C:\WINDOWS\system32;C:\WINDOWS;C:\WINDOWS\System32\Wbem;C:\WINDOWS\System32\WindowsPowerShell\v1.0\;C:\WINDOWS\System32\OpenSSH\;C:\Program Files (x86)\Windows Kits\10\Windows Performance Toolkit\;C:\Program Files (x86)\ZeroTier\One\;C:\Users\Mario\AppData\Local\Microsoft\WindowsApps;C:\Users\Mario\AppData\Local\Programs\Python\Python37;
USERNAME=Mario
OS=Windows_NT
PROCESSOR_IDENTIFIER=Intel64 Family 6 Model 23 Stepping 10, GenuineIntel



---------------  S Y S T E M  ---------------

OS: Windows 10.0 , 64 bit Build 17134 (10.0.17134.1)

CPU:total 2 (initial active 2) (2 cores per cpu, 1 threads per core) family 6 model 23 stepping 10, cmov, cx8, fxsr, mmx, sse, sse2, sse3, ssse3, tsc

Memory: 4k page, physical 4193588k(1162680k free), swap 6820720k(2685988k free)

vm_info: OpenJDK 64-Bit Server VM (25.152-b02) for windows-amd64 JRE (1.8.0_152-release-1024-b02), built by "builder" with MS VC++ 10.0 (VS2010)

time: Mon Oct 15 17:26:56 2018
elapsed time: 40 seconds (0d 0h 0m 40s)

