#
# A fatal error has been detected by the Java Runtime Environment:
#
#  EXCEPTION_ACCESS_VIOLATION (0xc0000005) at pc=0xffffffffa3dd5120, pid=4464, tid=0x00000000000000a8
#
# JRE version: OpenJDK Runtime Environment (8.0_152-b02) (build 1.8.0_152-release-1024-b02)
# Java VM: OpenJDK 64-Bit Server VM (25.152-b02 mixed mode windows-amd64 compressed oops)
# Problematic frame:
# C  0xffffffffa3dd5120
#
# Failed to write core dump. Minidumps are not enabled by default on client versions of Windows
#
# If you would like to submit a bug report, please visit:
#   http://bugreport.java.com/bugreport/crash.jsp
#

---------------  T H R E A D  ---------------

Current thread (0x000000001cbfb800):  JavaThread "Task worker for ':'" [_thread_in_Java, id=168, stack(0x0000000021390000,0x0000000021490000)]

siginfo: ExceptionCode=0xc0000005, ExceptionInformation=0x0000000000000008 0xffffffffa3dd5120

Registers:
RAX=0x00000001002fa7f0, RBX=0x0000000001233a80, RCX=0x0000000000000000, RDX=0x00000000e6f71478
RSP=0x000000002148c898, RBP=0x000000002148cb68, RSI=0x000000001a4240b8, RDI=0x00000000000004c8
R8 =0x00000001008bfaa0, R9 =0x0000000000000000, R10=0x00000001008bfae8, R11=0x00000000000004e8
R12=0x0000000000000000, R13=0x0000000000000000, R14=0x00000000e6f713e8, R15=0x000000001cbfb800
RIP=0xffffffffa3dd5120, EFLAGS=0x0000000000010246

Top of Stack: (sp=0x000000002148c898)
0x000000002148c898:   0000000004784e34 00000000e51148a0
0x000000002148c8a8:   000000000000431c 00000000e51148a0
0x000000002148c8b8:   00000000a01a2c60 000000002148cb68
0x000000002148c8c8:   000000000478fa9c 000000002148cb68
0x000000002148c8d8:   00000000038ee74c 000000002148cb68
0x000000002148c8e8:   0000000004781fec 00000000e6f71428
0x000000002148c8f8:   0000000000000001 0000000000000001
0x000000002148c908:   00000000e6f71478 00000000e6f71370
0x000000002148c918:   0000000000000000 00000000e5a91ba0
0x000000002148c928:   0000431c00000000 00000000e6f71450
0x000000002148c938:   00000000e6f71450 000000002148cb68
0x000000002148c948:   000000000478bd7c 000000002148cb68
0x000000002148c958:   0000000003718c74 000000002148cb68
0x000000002148c968:   000000000318d104 000000002148cb68
0x000000002148c978:   000000000478fa9c 000000002148cb68
0x000000002148c988:   0000000003d8707c 00000000e6f713d0 

Instructions: (pc=0xffffffffa3dd5120)
0xffffffffa3dd5100:   
[error occurred during error reporting (printing registers, top of stack, instructions near pc), id 0xc0000005]

Register to memory mapping:

RAX=0x00000001002fa7f0 is pointing into metadata
RBX={method} {0x0000000001233a88} 'getOwnerDocument' '()Lorg/w3c/dom/Document;' in 'com/sun/org/apache/xerces/internal/dom/NodeImpl'
RCX=0x0000000000000000 is an unknown value
RDX=0x00000000e6f71478 is an oop
com.sun.org.apache.xerces.internal.dom.TextImpl 
 - klass: 'com/sun/org/apache/xerces/internal/dom/TextImpl'
RSP=0x000000002148c898 is pointing into the stack for thread: 0x000000001cbfb800
RBP=0x000000002148cb68 is pointing into the stack for thread: 0x000000001cbfb800
RSI=0x000000001a4240b8 is pointing into metadata
RDI=0x00000000000004c8 is an unknown value
R8 =0x00000001008bfaa0 is pointing into metadata
R9 =0x0000000000000000 is an unknown value
R10=0x00000001008bfae8 is pointing into metadata
R11=0x00000000000004e8 is an unknown value
R12=0x0000000000000000 is an unknown value
R13=0x0000000000000000 is an unknown value
R14=0x00000000e6f713e8 is an oop
java.util.ArrayList 
 - klass: 'java/util/ArrayList'
R15=0x000000001cbfb800 is a thread


Stack: [0x0000000021390000,0x0000000021490000],  sp=0x000000002148c898,  free space=1010k
Native frames: (J=compiled Java code, j=interpreted, Vv=VM code, C=native code)
C  0xffffffffa3dd5120


---------------  P R O C E S S  ---------------

Java Threads: ( => current thread )
  0x000000001cc00000 JavaThread "stdout" daemon [_thread_in_native, id=1392, stack(0x0000000021990000,0x0000000021a90000)]
  0x000000001cc03000 JavaThread "stderr" daemon [_thread_in_native, id=6536, stack(0x0000000021890000,0x0000000021990000)]
  0x000000001cc03800 JavaThread "stdout" daemon [_thread_in_native, id=9804, stack(0x0000000021790000,0x0000000021890000)]
  0x000000001cc04800 JavaThread "stderr" daemon [_thread_in_native, id=9864, stack(0x0000000021690000,0x0000000021790000)]
  0x000000001cc05000 JavaThread "queued-resource-processor_2" daemon [_thread_blocked, id=10112, stack(0x0000000021590000,0x0000000021690000)]
  0x000000001cc06000 JavaThread "queued-resource-processor_1" daemon [_thread_blocked, id=4580, stack(0x0000000021490000,0x0000000021590000)]
=>0x000000001cbfb800 JavaThread "Task worker for ':'" [_thread_in_Java, id=168, stack(0x0000000021390000,0x0000000021490000)]
  0x000000001cbff000 JavaThread "Cache worker for Build Output Cleanup Cache (D:\Proyectos\Code\Git\PMDM1819\JuegosClasicos\.gradle\buildOutputCleanup)" [_thread_blocked, id=8840, stack(0x0000000021290000,0x0000000021390000)]
  0x000000001cbfc000 JavaThread "Cache worker for task history cache (D:\Proyectos\Code\Git\PMDM1819\JuegosClasicos\.gradle\4.4\taskHistory)" [_thread_blocked, id=2892, stack(0x0000000021190000,0x0000000021290000)]
  0x000000001cbfd800 JavaThread "build operations Thread 2" [_thread_blocked, id=2540, stack(0x0000000021090000,0x0000000021190000)]
  0x000000001cc02000 JavaThread "build operations" [_thread_blocked, id=2296, stack(0x0000000020f90000,0x0000000021090000)]
  0x000000001cbfe800 JavaThread "Cache worker for Artifact transforms cache (C:\Users\Mario\.gradle\caches\transforms-1)" [_thread_blocked, id=4396, stack(0x0000000020e90000,0x0000000020f90000)]
  0x000000001cc00800 JavaThread "Cache worker for file hash cache (D:\Proyectos\Code\Git\PMDM1819\JuegosClasicos\.gradle\4.4\fileHashes)" [_thread_blocked, id=9648, stack(0x0000000020d90000,0x0000000020e90000)]
  0x000000001b93d800 JavaThread "Stdin handler" [_thread_blocked, id=652, stack(0x0000000020c90000,0x0000000020d90000)]
  0x000000001b944800 JavaThread "Asynchronous log dispatcher for DefaultDaemonConnection: socket connection from /127.0.0.1:51544 to /127.0.0.1:51602" [_thread_blocked, id=5532, stack(0x0000000020b90000,0x0000000020c90000)]
  0x000000001b940800 JavaThread "Cancel handler" [_thread_blocked, id=2672, stack(0x0000000020880000,0x0000000020980000)]
  0x000000001b93f000 JavaThread "Handler for socket connection from /127.0.0.1:51544 to /127.0.0.1:51602" [_thread_in_native, id=3344, stack(0x0000000020780000,0x0000000020880000)]
  0x000000001b941800 JavaThread "Memory manager" [_thread_blocked, id=1172, stack(0x000000001e3b0000,0x000000001e4b0000)]
  0x0000000018c30800 JavaThread "File lock request listener" [_thread_in_native, id=1340, stack(0x000000001a8c0000,0x000000001a9c0000)]
  0x0000000018c46800 JavaThread "Cache worker for file hash cache (C:\Users\Mario\.gradle\caches\4.4\fileHashes)" [_thread_blocked, id=8044, stack(0x000000001a7c0000,0x000000001a8c0000)]
  0x0000000018cdc800 JavaThread "Daemon worker" [_thread_blocked, id=1208, stack(0x000000001a2c0000,0x000000001a3c0000)]
  0x0000000018cbb800 JavaThread "Daemon" [_thread_blocked, id=4168, stack(0x0000000019dc0000,0x0000000019ec0000)]
  0x00000000188fa800 JavaThread "Daemon periodic checks" [_thread_blocked, id=4184, stack(0x0000000019cc0000,0x0000000019dc0000)]
  0x00000000188c5000 JavaThread "Incoming local TCP Connector on port 51544" [_thread_in_native, id=4000, stack(0x0000000019a60000,0x0000000019b60000)]
  0x000000001656a800 JavaThread "Service Thread" daemon [_thread_blocked, id=3524, stack(0x0000000017750000,0x0000000017850000)]
  0x00000000164f5800 JavaThread "C1 CompilerThread1" daemon [_thread_blocked, id=7680, stack(0x0000000017650000,0x0000000017750000)]
  0x00000000164f2000 JavaThread "C2 CompilerThread0" daemon [_thread_blocked, id=7596, stack(0x0000000017550000,0x0000000017650000)]
  0x0000000016504000 JavaThread "Attach Listener" daemon [_thread_blocked, id=820, stack(0x0000000017450000,0x0000000017550000)]
  0x0000000016500800 JavaThread "Signal Dispatcher" daemon [_thread_blocked, id=2692, stack(0x0000000017350000,0x0000000017450000)]
  0x00000000164dd000 JavaThread "Finalizer" daemon [_thread_blocked, id=4740, stack(0x0000000017140000,0x0000000017240000)]
  0x00000000164b4800 JavaThread "Reference Handler" daemon [_thread_blocked, id=4284, stack(0x0000000017040000,0x0000000017140000)]
  0x0000000002cce000 JavaThread "main" [_thread_blocked, id=10000, stack(0x0000000002b70000,0x0000000002c70000)]

Other Threads:
  0x00000000164ac000 VMThread [stack: 0x0000000016f40000,0x0000000017040000] [id=10192]
  0x000000001656d800 WatcherThread [stack: 0x0000000017850000,0x0000000017950000] [id=7332]

VM state:not at safepoint (normal execution)

VM Mutex/Monitor currently owned by a thread: None

Heap:
 PSYoungGen      total 149504K, used 126627K [0x00000000e0000000, 0x00000000ec300000, 0x0000000100000000)
  eden space 133632K, 85% used [0x00000000e0000000,0x00000000e6fc9b50,0x00000000e8280000)
  from space 15872K, 76% used [0x00000000e8280000,0x00000000e8e5f180,0x00000000e9200000)
  to   space 16896K, 0% used [0x00000000eb280000,0x00000000eb280000,0x00000000ec300000)
 ParOldGen       total 93184K, used 36091K [0x00000000a0000000, 0x00000000a5b00000, 0x00000000e0000000)
  object space 93184K, 38% used [0x00000000a0000000,0x00000000a233ec88,0x00000000a5b00000)
 Metaspace       used 64643K, capacity 66906K, committed 67072K, reserved 1107968K
  class space    used 8547K, capacity 9112K, committed 9216K, reserved 1048576K

Card table byte_map: [0x0000000012190000,0x00000000124a0000] byte_map_base: 0x0000000011c90000

Marking Bits: (ParMarkBitMap*) 0x0000000054f44970
 Begin Bits: [0x00000000128a0000, 0x00000000140a0000)
 End Bits:   [0x00000000140a0000, 0x00000000158a0000)

Polling page: 0x0000000000bc0000

CodeCache: size=245760Kb used=26314Kb max_used=26327Kb free=219445Kb
 bounds [0x0000000002dd0000, 0x00000000047b0000, 0x0000000011dd0000]
 total_blobs=8525 nmethods=7745 adapters=692
 compilation: enabled

Compilation events (10 events):
Event: 91.125 Thread 0x00000000164f5800 8950       3       com.sun.org.apache.xerces.internal.dom.AttributeMap::setNamedItem (314 bytes)
Event: 91.127 Thread 0x00000000164f5800 nmethod 8950 0x0000000004799590 code [0x0000000004799940, 0x000000000479bb58]
Event: 91.137 Thread 0x00000000164f2000 nmethod 8948 0x00000000047a0b10 code [0x00000000047a0d20, 0x00000000047a1710]
Event: 91.137 Thread 0x00000000164f2000 8949       4       com.sun.org.apache.xerces.internal.dom.ElementImpl::getAttributes (36 bytes)
Event: 91.141 Thread 0x00000000164f2000 nmethod 8949 0x0000000004794850 code [0x00000000047949c0, 0x0000000004794bf8]
Event: 91.141 Thread 0x00000000164f2000 8945       4       com.sun.org.apache.xerces.internal.dom.NodeImpl::isNormalized (55 bytes)
Event: 91.142 Thread 0x00000000164f2000 nmethod 8945 0x0000000004342f10 code [0x0000000004343040, 0x00000000043430f8]
Event: 91.142 Thread 0x00000000164f2000 8944       4       com.sun.org.apache.xerces.internal.dom.NodeImpl::getOwnerDocument (23 bytes)
Event: 91.142 Thread 0x00000000164f2000 nmethod 8944 0x0000000004799290 code [0x00000000047993e0, 0x00000000047994d8]
Event: 91.142 Thread 0x00000000164f2000 8954       4       com.sun.org.apache.xerces.internal.dom.NamedNodeMapImpl::item (41 bytes)

GC Heap History (10 events):
Event: 34.482 GC heap before
{Heap before GC invocations=14 (full 2):
 PSYoungGen      total 92160K, used 82432K [0x00000000e0000000, 0x00000000e7e00000, 0x0000000100000000)
  eden space 82432K, 100% used [0x00000000e0000000,0x00000000e5080000,0x00000000e5080000)
  from space 9728K, 0% used [0x00000000e5080000,0x00000000e5080000,0x00000000e5a00000)
  to   space 10752K, 0% used [0x00000000e7380000,0x00000000e7380000,0x00000000e7e00000)
 ParOldGen       total 57344K, used 17706K [0x00000000a0000000, 0x00000000a3800000, 0x00000000e0000000)
  object space 57344K, 30% used [0x00000000a0000000,0x00000000a114a960,0x00000000a3800000)
 Metaspace       used 41936K, capacity 42818K, committed 43136K, reserved 1087488K
  class space    used 5614K, capacity 5888K, committed 6016K, reserved 1048576K
Event: 34.519 GC heap after
Heap after GC invocations=14 (full 2):
 PSYoungGen      total 116736K, used 10358K [0x00000000e0000000, 0x00000000e8000000, 0x0000000100000000)
  eden space 105984K, 0% used [0x00000000e0000000,0x00000000e0000000,0x00000000e6780000)
  from space 10752K, 96% used [0x00000000e7380000,0x00000000e7d9d968,0x00000000e7e00000)
  to   space 12288K, 0% used [0x00000000e6780000,0x00000000e6780000,0x00000000e7380000)
 ParOldGen       total 57344K, used 17714K [0x00000000a0000000, 0x00000000a3800000, 0x00000000e0000000)
  object space 57344K, 30% used [0x00000000a0000000,0x00000000a114c960,0x00000000a3800000)
 Metaspace       used 41936K, capacity 42818K, committed 43136K, reserved 1087488K
  class space    used 5614K, capacity 5888K, committed 6016K, reserved 1048576K
}
Event: 45.283 GC heap before
{Heap before GC invocations=15 (full 2):
 PSYoungGen      total 116736K, used 116342K [0x00000000e0000000, 0x00000000e8000000, 0x0000000100000000)
  eden space 105984K, 100% used [0x00000000e0000000,0x00000000e6780000,0x00000000e6780000)
  from space 10752K, 96% used [0x00000000e7380000,0x00000000e7d9d968,0x00000000e7e00000)
  to   space 12288K, 0% used [0x00000000e6780000,0x00000000e6780000,0x00000000e7380000)
 ParOldGen       total 57344K, used 17714K [0x00000000a0000000, 0x00000000a3800000, 0x00000000e0000000)
  object space 57344K, 30% used [0x00000000a0000000,0x00000000a114c960,0x00000000a3800000)
 Metaspace       used 52375K, capacity 53874K, committed 54144K, reserved 1095680K
  class space    used 7017K, capacity 7463K, committed 7552K, reserved 1048576K
Event: 45.333 GC heap after
Heap after GC invocations=15 (full 2):
 PSYoungGen      total 118272K, used 12265K [0x00000000e0000000, 0x00000000ea100000, 0x0000000100000000)
  eden space 105984K, 0% used [0x00000000e0000000,0x00000000e0000000,0x00000000e6780000)
  from space 12288K, 99% used [0x00000000e6780000,0x00000000e737a748,0x00000000e7380000)
  to   space 15360K, 0% used [0x00000000e9200000,0x00000000e9200000,0x00000000ea100000)
 ParOldGen       total 57344K, used 22278K [0x00000000a0000000, 0x00000000a3800000, 0x00000000e0000000)
  object space 57344K, 38% used [0x00000000a0000000,0x00000000a15c1bf8,0x00000000a3800000)
 Metaspace       used 52375K, capacity 53874K, committed 54144K, reserved 1095680K
  class space    used 7017K, capacity 7463K, committed 7552K, reserved 1048576K
}
Event: 50.460 GC heap before
{Heap before GC invocations=16 (full 2):
 PSYoungGen      total 118272K, used 110674K [0x00000000e0000000, 0x00000000ea100000, 0x0000000100000000)
  eden space 105984K, 92% used [0x00000000e0000000,0x00000000e601a0d0,0x00000000e6780000)
  from space 12288K, 99% used [0x00000000e6780000,0x00000000e737a748,0x00000000e7380000)
  to   space 15360K, 0% used [0x00000000e9200000,0x00000000e9200000,0x00000000ea100000)
 ParOldGen       total 57344K, used 22278K [0x00000000a0000000, 0x00000000a3800000, 0x00000000e0000000)
  object space 57344K, 38% used [0x00000000a0000000,0x00000000a15c1bf8,0x00000000a3800000)
 Metaspace       used 57117K, capacity 58900K, committed 59008K, reserved 1099776K
  class space    used 7769K, capacity 8249K, committed 8320K, reserved 1048576K
Event: 50.546 GC heap after
Heap after GC invocations=16 (full 2):
 PSYoungGen      total 148992K, used 10352K [0x00000000e0000000, 0x00000000ea400000, 0x0000000100000000)
  eden space 133632K, 0% used [0x00000000e0000000,0x00000000e0000000,0x00000000e8280000)
  from space 15360K, 67% used [0x00000000e9200000,0x00000000e9c1c3e0,0x00000000ea100000)
  to   space 15872K, 0% used [0x00000000e8280000,0x00000000e8280000,0x00000000e9200000)
 ParOldGen       total 57344K, used 32822K [0x00000000a0000000, 0x00000000a3800000, 0x00000000e0000000)
  object space 57344K, 57% used [0x00000000a0000000,0x00000000a200db88,0x00000000a3800000)
 Metaspace       used 57117K, capacity 58900K, committed 59008K, reserved 1099776K
  class space    used 7769K, capacity 8249K, committed 8320K, reserved 1048576K
}
Event: 50.546 GC heap before
{Heap before GC invocations=17 (full 3):
 PSYoungGen      total 148992K, used 10352K [0x00000000e0000000, 0x00000000ea400000, 0x0000000100000000)
  eden space 133632K, 0% used [0x00000000e0000000,0x00000000e0000000,0x00000000e8280000)
  from space 15360K, 67% used [0x00000000e9200000,0x00000000e9c1c3e0,0x00000000ea100000)
  to   space 15872K, 0% used [0x00000000e8280000,0x00000000e8280000,0x00000000e9200000)
 ParOldGen       total 57344K, used 32822K [0x00000000a0000000, 0x00000000a3800000, 0x00000000e0000000)
  object space 57344K, 57% used [0x00000000a0000000,0x00000000a200db88,0x00000000a3800000)
 Metaspace       used 57117K, capacity 58900K, committed 59008K, reserved 1099776K
  class space    used 7769K, capacity 8249K, committed 8320K, reserved 1048576K
Event: 51.140 GC heap after
Heap after GC invocations=17 (full 3):
 PSYoungGen      total 148992K, used 0K [0x00000000e0000000, 0x00000000ea400000, 0x0000000100000000)
  eden space 133632K, 0% used [0x00000000e0000000,0x00000000e0000000,0x00000000e8280000)
  from space 15360K, 0% used [0x00000000e9200000,0x00000000e9200000,0x00000000ea100000)
  to   space 15872K, 0% used [0x00000000e8280000,0x00000000e8280000,0x00000000e9200000)
 ParOldGen       total 93184K, used 36083K [0x00000000a0000000, 0x00000000a5b00000, 0x00000000e0000000)
  object space 93184K, 38% used [0x00000000a0000000,0x00000000a233cc88,0x00000000a5b00000)
 Metaspace       used 57117K, capacity 58900K, committed 59008K, reserved 1099776K
  class space    used 7769K, capacity 8249K, committed 8320K, reserved 1048576K
}
Event: 62.722 GC heap before
{Heap before GC invocations=18 (full 3):
 PSYoungGen      total 148992K, used 133632K [0x00000000e0000000, 0x00000000ea400000, 0x0000000100000000)
  eden space 133632K, 100% used [0x00000000e0000000,0x00000000e8280000,0x00000000e8280000)
  from space 15360K, 0% used [0x00000000e9200000,0x00000000e9200000,0x00000000ea100000)
  to   space 15872K, 0% used [0x00000000e8280000,0x00000000e8280000,0x00000000e9200000)
 ParOldGen       total 93184K, used 36083K [0x00000000a0000000, 0x00000000a5b00000, 0x00000000e0000000)
  object space 93184K, 38% used [0x00000000a0000000,0x00000000a233cc88,0x00000000a5b00000)
 Metaspace       used 58962K, capacity 60906K, committed 61056K, reserved 1101824K
  class space    used 7974K, capacity 8482K, committed 8576K, reserved 1048576K
Event: 62.870 GC heap after
Heap after GC invocations=18 (full 3):
 PSYoungGen      total 149504K, used 12156K [0x00000000e0000000, 0x00000000ec300000, 0x0000000100000000)
  eden space 133632K, 0% used [0x00000000e0000000,0x00000000e0000000,0x00000000e8280000)
  from space 15872K, 76% used [0x00000000e8280000,0x00000000e8e5f180,0x00000000e9200000)
  to   space 16896K, 0% used [0x00000000eb280000,0x00000000eb280000,0x00000000ec300000)
 ParOldGen       total 93184K, used 36091K [0x00000000a0000000, 0x00000000a5b00000, 0x00000000e0000000)
  object space 93184K, 38% used [0x00000000a0000000,0x00000000a233ec88,0x00000000a5b00000)
 Metaspace       used 58962K, capacity 60906K, committed 61056K, reserved 1101824K
  class space    used 7974K, capacity 8482K, committed 8576K, reserved 1048576K
}

Deoptimization events (10 events):
Event: 90.992 Thread 0x000000001cbfb800 Uncommon trap: reason=class_check action=maybe_recompile pc=0x0000000004392b0c method=com.sun.org.apache.xerces.internal.dom.AttributeMap.setNamedItem(Lorg/w3c/dom/Node;)Lorg/w3c/dom/Node; @ 4
Event: 90.992 Thread 0x000000001cbfb800 Uncommon trap: reason=class_check action=maybe_recompile pc=0x00000000031f1620 method=com.sun.org.apache.xerces.internal.dom.NamedNodeMapImpl.findNamePoint(Ljava/lang/String;I)I @ 51
Event: 90.992 Thread 0x000000001cbfb800 Uncommon trap: reason=class_check action=maybe_recompile pc=0x0000000004392b0c method=com.sun.org.apache.xerces.internal.dom.AttributeMap.setNamedItem(Lorg/w3c/dom/Node;)Lorg/w3c/dom/Node; @ 4
Event: 90.992 Thread 0x000000001cbfb800 Uncommon trap: reason=class_check action=maybe_recompile pc=0x00000000031f1620 method=com.sun.org.apache.xerces.internal.dom.NamedNodeMapImpl.findNamePoint(Ljava/lang/String;I)I @ 51
Event: 90.992 Thread 0x000000001cbfb800 Uncommon trap: reason=class_check action=maybe_recompile pc=0x00000000031f1620 method=com.sun.org.apache.xerces.internal.dom.NamedNodeMapImpl.findNamePoint(Ljava/lang/String;I)I @ 51
Event: 90.992 Thread 0x000000001cbfb800 Uncommon trap: reason=class_check action=maybe_recompile pc=0x00000000031f1620 method=com.sun.org.apache.xerces.internal.dom.NamedNodeMapImpl.findNamePoint(Ljava/lang/String;I)I @ 51
Event: 91.100 Thread 0x000000001cbfb800 Uncommon trap: reason=bimorphic action=maybe_recompile pc=0x00000000047931a0 method=com.sun.org.apache.xerces.internal.dom.AttributeMap.setNamedItem(Lorg/w3c/dom/Node;)Lorg/w3c/dom/Node; @ 4
Event: 91.100 Thread 0x000000001cbfb800 Uncommon trap: reason=bimorphic action=maybe_recompile pc=0x00000000047931a0 method=com.sun.org.apache.xerces.internal.dom.AttributeMap.setNamedItem(Lorg/w3c/dom/Node;)Lorg/w3c/dom/Node; @ 4
Event: 91.123 Thread 0x000000001cbfb800 Uncommon trap: reason=bimorphic action=maybe_recompile pc=0x00000000047931a0 method=com.sun.org.apache.xerces.internal.dom.AttributeMap.setNamedItem(Lorg/w3c/dom/Node;)Lorg/w3c/dom/Node; @ 4
Event: 91.124 Thread 0x000000001cbfb800 Uncommon trap: reason=bimorphic action=maybe_recompile pc=0x00000000047931a0 method=com.sun.org.apache.xerces.internal.dom.AttributeMap.setNamedItem(Lorg/w3c/dom/Node;)Lorg/w3c/dom/Node; @ 4

Classes redefined (0 events):
No events

Internal exceptions (10 events):
Event: 81.701 Thread 0x0000000018cdc800 Exception <a 'sun/nio/fs/WindowsException'> (0x00000000e22f6778) thrown at [D:\src\AOSP-openjdk-cygwin\jdk8u\hotspot\src\share\vm\prims\jni.cpp, line 709]
Event: 81.702 Thread 0x0000000018cdc800 Exception <a 'sun/nio/fs/WindowsException'> (0x00000000e22f88a8) thrown at [D:\src\AOSP-openjdk-cygwin\jdk8u\hotspot\src\share\vm\prims\jni.cpp, line 709]
Event: 81.702 Thread 0x0000000018cdc800 Exception <a 'sun/nio/fs/WindowsException'> (0x00000000e22f9600) thrown at [D:\src\AOSP-openjdk-cygwin\jdk8u\hotspot\src\share\vm\prims\jni.cpp, line 709]
Event: 83.281 Thread 0x0000000018cdc800 Exception <a 'java/lang/NoSuchMethodError': <clinit>> (0x00000000e3073988) thrown at [D:\src\AOSP-openjdk-cygwin\jdk8u\hotspot\src\share\vm\prims\jni.cpp, line 1613]
Event: 83.302 Thread 0x0000000018cdc800 Exception <a 'java/lang/NoSuchMethodError': <clinit>> (0x00000000e3082500) thrown at [D:\src\AOSP-openjdk-cygwin\jdk8u\hotspot\src\share\vm\prims\jni.cpp, line 1613]
Event: 83.364 Thread 0x0000000018cdc800 Exception <a 'java/lang/NoSuchMethodError': <clinit>> (0x00000000e3101ec0) thrown at [D:\src\AOSP-openjdk-cygwin\jdk8u\hotspot\src\share\vm\prims\jni.cpp, line 1613]
Event: 83.367 Thread 0x0000000018cdc800 Exception <a 'java/lang/NoSuchMethodError': <clinit>> (0x00000000e311dbc0) thrown at [D:\src\AOSP-openjdk-cygwin\jdk8u\hotspot\src\share\vm\prims\jni.cpp, line 1613]
Event: 83.367 Thread 0x0000000018cdc800 Exception <a 'java/lang/NoSuchMethodError': <clinit>> (0x00000000e311fa28) thrown at [D:\src\AOSP-openjdk-cygwin\jdk8u\hotspot\src\share\vm\prims\jni.cpp, line 1613]
Event: 85.659 Thread 0x000000001cbfb800 Exception <a 'java/lang/NoSuchMethodError': <clinit>> (0x00000000e422b530) thrown at [D:\src\AOSP-openjdk-cygwin\jdk8u\hotspot\src\share\vm\prims\jni.cpp, line 1613]
Event: 85.664 Thread 0x000000001cbfb800 Exception <a 'java/lang/NoSuchMethodError': <clinit>> (0x00000000e4234f30) thrown at [D:\src\AOSP-openjdk-cygwin\jdk8u\hotspot\src\share\vm\prims\jni.cpp, line 1613]

Events (10 events):
Event: 91.100 Thread 0x000000001cbfb800 DEOPT UNPACKING pc=0x0000000002e1557b sp=0x000000002148c8b8 mode 2
Event: 91.100 Thread 0x000000001cbfb800 Uncommon trap: trap_request=0xffffffc6 fr.pc=0x00000000047931a0
Event: 91.100 Thread 0x000000001cbfb800 DEOPT PACKING pc=0x00000000047931a0 sp=0x000000002148c8e0
Event: 91.100 Thread 0x000000001cbfb800 DEOPT UNPACKING pc=0x0000000002e1557b sp=0x000000002148c8b8 mode 2
Event: 91.123 Thread 0x000000001cbfb800 Uncommon trap: trap_request=0xffffffc6 fr.pc=0x00000000047931a0
Event: 91.123 Thread 0x000000001cbfb800 DEOPT PACKING pc=0x00000000047931a0 sp=0x000000002148c8e0
Event: 91.123 Thread 0x000000001cbfb800 DEOPT UNPACKING pc=0x0000000002e1557b sp=0x000000002148c8b8 mode 2
Event: 91.124 Thread 0x000000001cbfb800 Uncommon trap: trap_request=0xffffffc6 fr.pc=0x00000000047931a0
Event: 91.124 Thread 0x000000001cbfb800 DEOPT PACKING pc=0x00000000047931a0 sp=0x000000002148c8e0
Event: 91.124 Thread 0x000000001cbfb800 DEOPT UNPACKING pc=0x0000000002e1557b sp=0x000000002148c8b8 mode 2


Dynamic libraries:
0x00007ff798660000 - 0x00007ff798691000 	C:\Program Files\Android\Android Studio\jre\bin\java.exe
0x00007fffaf910000 - 0x00007fffafaf1000 	C:\WINDOWS\SYSTEM32\ntdll.dll
0x00007fffaea00000 - 0x00007fffaeab2000 	C:\WINDOWS\System32\KERNEL32.DLL
0x00007fffac7e0000 - 0x00007fffaca53000 	C:\WINDOWS\System32\KERNELBASE.dll
0x00007fffae900000 - 0x00007fffae9a1000 	C:\WINDOWS\System32\ADVAPI32.dll
0x00007fffaede0000 - 0x00007fffaee7e000 	C:\WINDOWS\System32\msvcrt.dll
0x00007fffaf5d0000 - 0x00007fffaf62b000 	C:\WINDOWS\System32\sechost.dll
0x00007fffaf490000 - 0x00007fffaf5b4000 	C:\WINDOWS\System32\RPCRT4.dll
0x00007ffface00000 - 0x00007fffacf90000 	C:\WINDOWS\System32\USER32.dll
0x00007fffac570000 - 0x00007fffac590000 	C:\WINDOWS\System32\win32u.dll
0x00007fffae9b0000 - 0x00007fffae9d8000 	C:\WINDOWS\System32\GDI32.dll
0x00007fffac590000 - 0x00007fffac722000 	C:\WINDOWS\System32\gdi32full.dll
0x00007fffacd00000 - 0x00007fffacd9f000 	C:\WINDOWS\System32\msvcp_win.dll
0x00007fffabce0000 - 0x00007fffabdda000 	C:\WINDOWS\System32\ucrtbase.dll
0x00007fffa4c30000 - 0x00007fffa4e99000 	C:\WINDOWS\WinSxS\amd64_microsoft.windows.common-controls_6595b64144ccf1df_6.0.17134.345_none_fb429a5930656358\COMCTL32.dll
0x00007fffacf90000 - 0x00007fffad2b3000 	C:\WINDOWS\System32\combase.dll
0x00007fffabde0000 - 0x00007fffabe5a000 	C:\WINDOWS\System32\bcryptPrimitives.dll
0x00007fffaec30000 - 0x00007fffaec5d000 	C:\WINDOWS\System32\IMM32.DLL
0x00000000546a0000 - 0x0000000054772000 	C:\Program Files\Android\Android Studio\jre\jre\bin\msvcr100.dll
0x0000000054780000 - 0x0000000054fbf000 	C:\Program Files\Android\Android Studio\jre\jre\bin\server\jvm.dll
0x00007fffae890000 - 0x00007fffae898000 	C:\WINDOWS\System32\PSAPI.DLL
0x00007fffa9a50000 - 0x00007fffa9a73000 	C:\WINDOWS\SYSTEM32\WINMM.dll
0x00007fff9d5d0000 - 0x00007fff9d5d9000 	C:\WINDOWS\SYSTEM32\WSOCK32.dll
0x00007fffaf870000 - 0x00007fffaf8dc000 	C:\WINDOWS\System32\WS2_32.dll
0x00007fffa6520000 - 0x00007fffa652a000 	C:\WINDOWS\SYSTEM32\VERSION.dll
0x00007fffa9a20000 - 0x00007fffa9a4a000 	C:\WINDOWS\SYSTEM32\WINMMBASE.dll
0x00007fffacc50000 - 0x00007fffacc99000 	C:\WINDOWS\System32\cfgmgr32.dll
0x00007fff9e9d0000 - 0x00007fff9e9df000 	C:\Program Files\Android\Android Studio\jre\jre\bin\verify.dll
0x00007fff9e8b0000 - 0x00007fff9e8d9000 	C:\Program Files\Android\Android Studio\jre\jre\bin\java.dll
0x00007fff93a50000 - 0x00007fff93a66000 	C:\Program Files\Android\Android Studio\jre\jre\bin\zip.dll
0x00007fffad3f0000 - 0x00007fffae82f000 	C:\WINDOWS\System32\SHELL32.dll
0x00007fffad2c0000 - 0x00007fffad369000 	C:\WINDOWS\System32\shcore.dll
0x00007fffabe60000 - 0x00007fffac56d000 	C:\WINDOWS\System32\windows.storage.dll
0x00007fffae8a0000 - 0x00007fffae8f1000 	C:\WINDOWS\System32\shlwapi.dll
0x00007fffabc60000 - 0x00007fffabc71000 	C:\WINDOWS\System32\kernel.appcore.dll
0x00007fffabc20000 - 0x00007fffabc3f000 	C:\WINDOWS\System32\profapi.dll
0x00007fffabc80000 - 0x00007fffabccc000 	C:\WINDOWS\System32\powrprof.dll
0x00007fffabcd0000 - 0x00007fffabcda000 	C:\WINDOWS\System32\FLTLIB.DLL
0x00007fff939e0000 - 0x00007fff939fa000 	C:\Program Files\Android\Android Studio\jre\jre\bin\net.dll
0x00007fffab4a0000 - 0x00007fffab506000 	C:\WINDOWS\system32\mswsock.dll
0x00007fff93610000 - 0x00007fff93621000 	C:\Program Files\Android\Android Studio\jre\jre\bin\nio.dll
0x00007fff90f70000 - 0x00007fff90f8e000 	C:\Users\Mario\.gradle\native\25\windows-amd64\native-platform.dll
0x00007fff9e980000 - 0x00007fff9e98d000 	C:\Program Files\Android\Android Studio\jre\jre\bin\management.dll
0x00007fffab650000 - 0x00007fffab667000 	C:\WINDOWS\SYSTEM32\CRYPTSP.dll
0x00007fffab080000 - 0x00007fffab0b3000 	C:\WINDOWS\system32\rsaenh.dll
0x00007fffab780000 - 0x00007fffab7a5000 	C:\WINDOWS\SYSTEM32\bcrypt.dll
0x00007fffabb50000 - 0x00007fffabb78000 	C:\WINDOWS\SYSTEM32\USERENV.dll
0x00007fffab670000 - 0x00007fffab67b000 	C:\WINDOWS\SYSTEM32\CRYPTBASE.dll
0x00007fffab220000 - 0x00007fffab258000 	C:\WINDOWS\SYSTEM32\IPHLPAPI.DLL
0x00007fffaf5c0000 - 0x00007fffaf5c8000 	C:\WINDOWS\System32\NSI.dll
0x00007fffa5880000 - 0x00007fffa5896000 	C:\WINDOWS\SYSTEM32\dhcpcsvc6.DLL
0x00007fffa5860000 - 0x00007fffa587a000 	C:\WINDOWS\SYSTEM32\dhcpcsvc.DLL
0x00007fff9d640000 - 0x00007fff9d809000 	C:\WINDOWS\SYSTEM32\dbghelp.dll

VM Arguments:
jvm_args: -Xmx1536m -Dfile.encoding=windows-1252 -Duser.country=ES -Duser.language=es -Duser.variant 
java_command: org.gradle.launcher.daemon.bootstrap.GradleDaemon 4.4
java_class_path (initial): C:\Users\Mario\.gradle\wrapper\dists\gradle-4.4-all\9br9xq1tocpiv8o6njlyu5op1\gradle-4.4\lib\gradle-launcher-4.4.jar
Launcher Type: SUN_STANDARD

Environment Variables:
PATH=C:\Program Files (x86)\Common Files\Intel\Shared Libraries\redist\intel64_win\compiler;C:\Program Files (x86)\Common Files\Intel\Shared Libraries\redist\ia32\compiler;C:\Program Files (x86)\Common Files\Intel\Shared Libraries\redist\intel64\compiler;C:\ProgramData\Oracle\Java\javapath;C:\Windows\system32;C:\Windows;C:\Windows\System32\Wbem;C:\Windows\System32\WindowsPowerShell\v1.0\;C:\Program Files (x86)\Skype\Phone\;C:\Program Files (x86)\Extensis\Suitcase Fusion\;C:\Program Files (x86)\GtkSharp\2.12\bin;C:\Program Files (x86)\QuickTime\QTSystem\;C:\WINDOWS\system32;C:\WINDOWS;C:\WINDOWS\System32\Wbem;C:\WINDOWS\System32\WindowsPowerShell\v1.0\;C:\WINDOWS\System32\OpenSSH\;C:\Program Files (x86)\Windows Kits\10\Windows Performance Toolkit\;C:\Program Files (x86)\ZeroTier\One\;C:\Users\Mario\AppData\Local\Microsoft\WindowsApps;C:\Users\Mario\AppData\Local\Programs\Python\Python37;
USERNAME=Mario
OS=Windows_NT
PROCESSOR_IDENTIFIER=Intel64 Family 6 Model 23 Stepping 10, GenuineIntel



---------------  S Y S T E M  ---------------

OS: Windows 10.0 , 64 bit Build 17134 (10.0.17134.1)

CPU:total 2 (initial active 2) (2 cores per cpu, 1 threads per core) family 6 model 23 stepping 10, cmov, cx8, fxsr, mmx, sse, sse2, sse3, ssse3, tsc

Memory: 4k page, physical 4193588k(467096k free), swap 6058012k(930536k free)

vm_info: OpenJDK 64-Bit Server VM (25.152-b02) for windows-amd64 JRE (1.8.0_152-release-1024-b02), built by "builder" with MS VC++ 10.0 (VS2010)

time: Sun Oct 28 19:04:34 2018
elapsed time: 91 seconds (0d 0h 1m 31s)

